This file contains any messages produced by compilers while
running configure, to aid debugging if configure makes a mistake.

It was created by bridge-utils configure 1.5, which was
generated by GNU Autoconf 2.69.  Invocation command line was

  $ ./configure --host=mipsel-linux --build=x86_64-linux-gnu --prefix= --with-linux-headers=/home/astclair/AsusRT-N16/trunk/tomato/release/src-rt/linux/linux-2.6/include

## --------- ##
## Platform. ##
## --------- ##

hostname = asusrtn16
uname -m = x86_64
uname -r = 3.19.0-39-generic
uname -s = Linux
uname -v = #44~14.04.1-Ubuntu SMP Wed Dec 2 10:00:35 UTC 2015

/usr/bin/uname -p = unknown
/bin/uname -X     = unknown

/bin/arch              = unknown
/usr/bin/arch -k       = unknown
/usr/convex/getsysinfo = unknown
/usr/bin/hostinfo      = unknown
/bin/machine           = unknown
/usr/bin/oslevel       = unknown
/bin/universe          = unknown

PATH: /home/astclair/AsusRT-N16/trunk/tomato/release/tools
PATH: /home/astclair/AsusRT-N16/trunk/tomato/release/tools
PATH: /home/astclair/AsusRT-N16/trunk/tomato/release/tools
PATH: /home/astclair/AsusRT-N16/trunk/tomato/release/tools
PATH: /usr/local/sbin
PATH: /usr/local/bin
PATH: /usr/sbin
PATH: /usr/bin
PATH: /sbin
PATH: /bin
PATH: /usr/games
PATH: /usr/local/games
PATH: /opt/brcm/hndtools-mipsel-linux/bin
PATH: /opt/brcm/hndtools-mipsel-linux/uclibc


## ----------- ##
## Core tests. ##
## ----------- ##

configure:2109: checking for mipsel-linux-gcc
configure:2136: result: mipsel-uclibc-gcc
configure:2405: checking for C compiler version
configure:2414: mipsel-uclibc-gcc --version >&5
mipsel-uclibc-gcc (GCC) 4.2.4
Copyright (C) 2007 Free Software Foundation, Inc.
This is free software; see the source for copying conditions.  There is NO
warranty; not even for MERCHANTABILITY or FITNESS FOR A PARTICULAR PURPOSE.

configure:2425: $? = 0
configure:2414: mipsel-uclibc-gcc -v >&5
Using built-in specs.
Target: mipsel-linux-uclibc
Configured with: /home/shibby/openwrt/tomato.toolchain/t/build_dir/toolchain-mipsel_gcc4.2.4/gcc-4.2.4/configure --prefix=/opt/brcm/hndtools-mipsel-uclibc-4.2.4 --build=x86_64-linux-gnu --host=x86_64-linux-gnu --target=mipsel-linux-uclibc --with-gnu-ld --enable-target-optspace --disable-libgomp --disable-libmudflap --disable-multilib --disable-nls --disable-__cxa_atexit --enable-libssp --enable-languages=c,c++ --enable-shared --enable-threads --enable-tls
Thread model: posix
gcc version 4.2.4
configure:2425: $? = 0
configure:2414: mipsel-uclibc-gcc -V >&5
mipsel-uclibc-gcc: '-V' option must have argument
configure:2425: $? = 1
configure:2414: mipsel-uclibc-gcc -qversion >&5
mipsel-uclibc-gcc: unrecognized option '-qversion'
mipsel-uclibc-gcc: no input files
configure:2425: $? = 1
configure:2445: checking whether the C compiler works
configure:2467: mipsel-uclibc-gcc -Os -g -DLINUX26 -DCONFIG_BCMWL5 -pipe -DBCMWPA2 -funit-at-a-time -Wno-pointer-sign -mtune=mips32 -mips32    conftest.c  >&5
configure:2471: $? = 0
configure:2519: result: yes
configure:2522: checking for C compiler default output file name
configure:2524: result: a.out
configure:2530: checking for suffix of executables
configure:2537: mipsel-uclibc-gcc -o conftest -Os -g -DLINUX26 -DCONFIG_BCMWL5 -pipe -DBCMWPA2 -funit-at-a-time -Wno-pointer-sign -mtune=mips32 -mips32    conftest.c  >&5
configure:2541: $? = 0
configure:2563: result: 
configure:2585: checking whether we are cross compiling
configure:2623: result: yes
configure:2628: checking for suffix of object files
configure:2650: mipsel-uclibc-gcc -c -Os -g -DLINUX26 -DCONFIG_BCMWL5 -pipe -DBCMWPA2 -funit-at-a-time -Wno-pointer-sign -mtune=mips32 -mips32   conftest.c >&5
configure:2654: $? = 0
configure:2675: result: o
configure:2679: checking whether we are using the GNU C compiler
configure:2698: mipsel-uclibc-gcc -c -Os -g -DLINUX26 -DCONFIG_BCMWL5 -pipe -DBCMWPA2 -funit-at-a-time -Wno-pointer-sign -mtune=mips32 -mips32   conftest.c >&5
configure:2698: $? = 0
configure:2707: result: yes
configure:2716: checking whether mipsel-uclibc-gcc accepts -g
configure:2736: mipsel-uclibc-gcc -c -g  conftest.c >&5
configure:2736: $? = 0
configure:2777: result: yes
configure:2794: checking for mipsel-uclibc-gcc option to accept ISO C89
configure:2857: mipsel-uclibc-gcc  -c -Os -g -DLINUX26 -DCONFIG_BCMWL5 -pipe -DBCMWPA2 -funit-at-a-time -Wno-pointer-sign -mtune=mips32 -mips32   conftest.c >&5
configure:2857: $? = 0
configure:2870: result: none needed
configure:2933: checking for a BSD-compatible install
configure:3001: result: /usr/bin/install -c
configure:3015: checking for mipsel-linux-ranlib
configure:3042: result: mipsel-uclibc-ranlib
configure:3111: checking how to run the C preprocessor
configure:3142: mipsel-uclibc-gcc -E  conftest.c
configure:3142: $? = 0
configure:3156: mipsel-uclibc-gcc -E  conftest.c
conftest.c:9:28: error: ac_nonexistent.h: No such file or directory
configure:3156: $? = 1
configure: failed program was:
| /* confdefs.h */
| #define PACKAGE_NAME "bridge-utils"
| #define PACKAGE_TARNAME "bridge-utils"
| #define PACKAGE_VERSION "1.5"
| #define PACKAGE_STRING "bridge-utils 1.5"
| #define PACKAGE_BUGREPORT ""
| #define PACKAGE_URL ""
| /* end confdefs.h.  */
| #include <ac_nonexistent.h>
configure:3181: result: mipsel-uclibc-gcc -E
configure:3201: mipsel-uclibc-gcc -E  conftest.c
configure:3201: $? = 0
configure:3215: mipsel-uclibc-gcc -E  conftest.c
conftest.c:9:28: error: ac_nonexistent.h: No such file or directory
configure:3215: $? = 1
configure: failed program was:
| /* confdefs.h */
| #define PACKAGE_NAME "bridge-utils"
| #define PACKAGE_TARNAME "bridge-utils"
| #define PACKAGE_VERSION "1.5"
| #define PACKAGE_STRING "bridge-utils 1.5"
| #define PACKAGE_BUGREPORT ""
| #define PACKAGE_URL ""
| /* end confdefs.h.  */
| #include <ac_nonexistent.h>
configure:3244: checking for grep that handles long lines and -e
configure:3302: result: /bin/grep
configure:3307: checking for egrep
configure:3369: result: /bin/grep -E
configure:3374: checking for ANSI C header files
configure:3394: mipsel-uclibc-gcc -c -Os -g -DLINUX26 -DCONFIG_BCMWL5 -pipe -DBCMWPA2 -funit-at-a-time -Wno-pointer-sign -mtune=mips32 -mips32   conftest.c >&5
configure:3394: $? = 0
configure:3478: result: yes
configure:3491: checking for sys/types.h
configure:3491: mipsel-uclibc-gcc -c -Os -g -DLINUX26 -DCONFIG_BCMWL5 -pipe -DBCMWPA2 -funit-at-a-time -Wno-pointer-sign -mtune=mips32 -mips32   conftest.c >&5
configure:3491: $? = 0
configure:3491: result: yes
configure:3491: checking for sys/stat.h
configure:3491: mipsel-uclibc-gcc -c -Os -g -DLINUX26 -DCONFIG_BCMWL5 -pipe -DBCMWPA2 -funit-at-a-time -Wno-pointer-sign -mtune=mips32 -mips32   conftest.c >&5
configure:3491: $? = 0
configure:3491: result: yes
configure:3491: checking for stdlib.h
configure:3491: mipsel-uclibc-gcc -c -Os -g -DLINUX26 -DCONFIG_BCMWL5 -pipe -DBCMWPA2 -funit-at-a-time -Wno-pointer-sign -mtune=mips32 -mips32   conftest.c >&5
configure:3491: $? = 0
configure:3491: result: yes
configure:3491: checking for string.h
configure:3491: mipsel-uclibc-gcc -c -Os -g -DLINUX26 -DCONFIG_BCMWL5 -pipe -DBCMWPA2 -funit-at-a-time -Wno-pointer-sign -mtune=mips32 -mips32   conftest.c >&5
configure:3491: $? = 0
configure:3491: result: yes
configure:3491: checking for memory.h
configure:3491: mipsel-uclibc-gcc -c -Os -g -DLINUX26 -DCONFIG_BCMWL5 -pipe -DBCMWPA2 -funit-at-a-time -Wno-pointer-sign -mtune=mips32 -mips32   conftest.c >&5
configure:3491: $? = 0
configure:3491: result: yes
configure:3491: checking for strings.h
configure:3491: mipsel-uclibc-gcc -c -Os -g -DLINUX26 -DCONFIG_BCMWL5 -pipe -DBCMWPA2 -funit-at-a-time -Wno-pointer-sign -mtune=mips32 -mips32   conftest.c >&5
configure:3491: $? = 0
configure:3491: result: yes
configure:3491: checking for inttypes.h
configure:3491: mipsel-uclibc-gcc -c -Os -g -DLINUX26 -DCONFIG_BCMWL5 -pipe -DBCMWPA2 -funit-at-a-time -Wno-pointer-sign -mtune=mips32 -mips32   conftest.c >&5
configure:3491: $? = 0
configure:3491: result: yes
configure:3491: checking for stdint.h
configure:3491: mipsel-uclibc-gcc -c -Os -g -DLINUX26 -DCONFIG_BCMWL5 -pipe -DBCMWPA2 -funit-at-a-time -Wno-pointer-sign -mtune=mips32 -mips32   conftest.c >&5
configure:3491: $? = 0
configure:3491: result: yes
configure:3491: checking for unistd.h
configure:3491: mipsel-uclibc-gcc -c -Os -g -DLINUX26 -DCONFIG_BCMWL5 -pipe -DBCMWPA2 -funit-at-a-time -Wno-pointer-sign -mtune=mips32 -mips32   conftest.c >&5
configure:3491: $? = 0
configure:3491: result: yes
configure:3506: checking sys/ioctl.h usability
configure:3506: mipsel-uclibc-gcc -c -Os -g -DLINUX26 -DCONFIG_BCMWL5 -pipe -DBCMWPA2 -funit-at-a-time -Wno-pointer-sign -mtune=mips32 -mips32   conftest.c >&5
configure:3506: $? = 0
configure:3506: result: yes
configure:3506: checking sys/ioctl.h presence
configure:3506: mipsel-uclibc-gcc -E  conftest.c
configure:3506: $? = 0
configure:3506: result: yes
configure:3506: checking for sys/ioctl.h
configure:3506: result: yes
configure:3506: checking sys/time.h usability
configure:3506: mipsel-uclibc-gcc -c -Os -g -DLINUX26 -DCONFIG_BCMWL5 -pipe -DBCMWPA2 -funit-at-a-time -Wno-pointer-sign -mtune=mips32 -mips32   conftest.c >&5
configure:3506: $? = 0
configure:3506: result: yes
configure:3506: checking sys/time.h presence
configure:3506: mipsel-uclibc-gcc -E  conftest.c
configure:3506: $? = 0
configure:3506: result: yes
configure:3506: checking for sys/time.h
configure:3506: result: yes
configure:3517: checking for an ANSI C-conforming const
configure:3583: mipsel-uclibc-gcc -c -Os -g -DLINUX26 -DCONFIG_BCMWL5 -pipe -DBCMWPA2 -funit-at-a-time -Wno-pointer-sign -mtune=mips32 -mips32   conftest.c >&5
configure:3583: $? = 0
configure:3590: result: yes
configure:3598: checking whether time.h and sys/time.h may both be included
configure:3618: mipsel-uclibc-gcc -c -Os -g -DLINUX26 -DCONFIG_BCMWL5 -pipe -DBCMWPA2 -funit-at-a-time -Wno-pointer-sign -mtune=mips32 -mips32   conftest.c >&5
configure:3618: $? = 0
configure:3625: result: yes
configure:3637: checking for gethostname
configure:3637: mipsel-uclibc-gcc -o conftest -Os -g -DLINUX26 -DCONFIG_BCMWL5 -pipe -DBCMWPA2 -funit-at-a-time -Wno-pointer-sign -mtune=mips32 -mips32    conftest.c  >&5
configure:3637: $? = 0
configure:3637: result: yes
configure:3637: checking for socket
configure:3637: mipsel-uclibc-gcc -o conftest -Os -g -DLINUX26 -DCONFIG_BCMWL5 -pipe -DBCMWPA2 -funit-at-a-time -Wno-pointer-sign -mtune=mips32 -mips32    conftest.c  >&5
configure:3637: $? = 0
configure:3637: result: yes
configure:3637: checking for strdup
configure:3637: mipsel-uclibc-gcc -o conftest -Os -g -DLINUX26 -DCONFIG_BCMWL5 -pipe -DBCMWPA2 -funit-at-a-time -Wno-pointer-sign -mtune=mips32 -mips32    conftest.c  >&5
conftest.c:47: warning: conflicting types for built-in function 'strdup'
configure:3637: $? = 0
configure:3637: result: yes
configure:3637: checking for uname
configure:3637: mipsel-uclibc-gcc -o conftest -Os -g -DLINUX26 -DCONFIG_BCMWL5 -pipe -DBCMWPA2 -funit-at-a-time -Wno-pointer-sign -mtune=mips32 -mips32    conftest.c  >&5
configure:3637: $? = 0
configure:3637: result: yes
configure:3649: checking for if_nametoindex
configure:3649: mipsel-uclibc-gcc -o conftest -Os -g -DLINUX26 -DCONFIG_BCMWL5 -pipe -DBCMWPA2 -funit-at-a-time -Wno-pointer-sign -mtune=mips32 -mips32    conftest.c  >&5
configure:3649: $? = 0
configure:3649: result: yes
configure:3649: checking for if_indextoname
configure:3649: mipsel-uclibc-gcc -o conftest -Os -g -DLINUX26 -DCONFIG_BCMWL5 -pipe -DBCMWPA2 -funit-at-a-time -Wno-pointer-sign -mtune=mips32 -mips32    conftest.c  >&5
configure:3649: $? = 0
configure:3649: result: yes
configure:3777: creating ./config.status

## ---------------------- ##
## Running config.status. ##
## ---------------------- ##

This file was extended by bridge-utils config.status 1.5, which was
generated by GNU Autoconf 2.69.  Invocation command line was

  CONFIG_FILES    = 
  CONFIG_HEADERS  = 
  CONFIG_LINKS    = 
  CONFIG_COMMANDS = 
  $ ./config.status 

on asusrtn16

config.status:816: creating doc/Makefile
config.status:919: WARNING:  'doc/Makefile.in' seems to ignore the --datarootdir setting
config.status:816: creating libbridge/Makefile
config.status:816: creating brctl/Makefile
config.status:919: WARNING:  'brctl/Makefile.in' seems to ignore the --datarootdir setting
config.status:816: creating Makefile
config.status:919: WARNING:  'Makefile.in' seems to ignore the --datarootdir setting
config.status:816: creating bridge-utils.spec
config.status:816: creating libbridge/config.h
config.status:991: libbridge/config.h is unchanged

## ---------------- ##
## Cache variables. ##
## ---------------- ##

ac_cv_c_compiler_gnu=yes
ac_cv_c_const=yes
ac_cv_env_CC_set=set
ac_cv_env_CC_value=mipsel-uclibc-gcc
ac_cv_env_CFLAGS_set=set
ac_cv_env_CFLAGS_value='-Os -g -DLINUX26 -DCONFIG_BCMWL5 -pipe -DBCMWPA2 -funit-at-a-time -Wno-pointer-sign -mtune=mips32 -mips32 '
ac_cv_env_CPPFLAGS_set=
ac_cv_env_CPPFLAGS_value=
ac_cv_env_CPP_set=
ac_cv_env_CPP_value=
ac_cv_env_LDFLAGS_set=
ac_cv_env_LDFLAGS_value=
ac_cv_env_LIBS_set=
ac_cv_env_LIBS_value=
ac_cv_env_build_alias_set=set
ac_cv_env_build_alias_value=x86_64-linux-gnu
ac_cv_env_host_alias_set=set
ac_cv_env_host_alias_value=mipsel-linux
ac_cv_env_target_alias_set=
ac_cv_env_target_alias_value=
ac_cv_func_gethostname=yes
ac_cv_func_if_indextoname=yes
ac_cv_func_if_nametoindex=yes
ac_cv_func_malloc_0_nonnull=yes
ac_cv_func_socket=yes
ac_cv_func_strdup=yes
ac_cv_func_uname=yes
ac_cv_header_inttypes_h=yes
ac_cv_header_memory_h=yes
ac_cv_header_stdc=yes
ac_cv_header_stdint_h=yes
ac_cv_header_stdlib_h=yes
ac_cv_header_string_h=yes
ac_cv_header_strings_h=yes
ac_cv_header_sys_ioctl_h=yes
ac_cv_header_sys_stat_h=yes
ac_cv_header_sys_time_h=yes
ac_cv_header_sys_types_h=yes
ac_cv_header_time=yes
ac_cv_header_unistd_h=yes
ac_cv_objext=o
ac_cv_path_EGREP='/bin/grep -E'
ac_cv_path_GREP=/bin/grep
ac_cv_path_install='/usr/bin/install -c'
ac_cv_prog_CC=mipsel-uclibc-gcc
ac_cv_prog_CPP='mipsel-uclibc-gcc -E'
ac_cv_prog_RANLIB=mipsel-uclibc-ranlib
ac_cv_prog_cc_c89=
ac_cv_prog_cc_g=yes

## ----------------- ##
## Output variables. ##
## ----------------- ##

CC='mipsel-uclibc-gcc'
CFLAGS='-Os -g -DLINUX26 -DCONFIG_BCMWL5 -pipe -DBCMWPA2 -funit-at-a-time -Wno-pointer-sign -mtune=mips32 -mips32 '
CPP='mipsel-uclibc-gcc -E'
CPPFLAGS=''
DEFS='-DHAVE_CONFIG_H'
ECHO_C=''
ECHO_N='-n'
ECHO_T=''
EGREP='/bin/grep -E'
EXEEXT=''
GREP='/bin/grep'
INSTALL_DATA='${INSTALL} -m 644'
INSTALL_PROGRAM='${INSTALL}'
INSTALL_SCRIPT='${INSTALL}'
KERNEL_HEADERS='/home/astclair/AsusRT-N16/trunk/tomato/release/src-rt/linux/linux-2.6/include'
LDFLAGS=''
LIBOBJS=''
LIBS=''
LTLIBOBJS=''
OBJEXT='o'
PACKAGE_BUGREPORT=''
PACKAGE_NAME='bridge-utils'
PACKAGE_STRING='bridge-utils 1.5'
PACKAGE_TARNAME='bridge-utils'
PACKAGE_URL=''
PACKAGE_VERSION='1.5'
PATH_SEPARATOR=':'
RANLIB='mipsel-uclibc-ranlib'
SHELL='/bin/bash'
ac_ct_CC=''
bindir='${exec_prefix}/bin'
build_alias='x86_64-linux-gnu'
datadir='${datarootdir}'
datarootdir='${prefix}/share'
docdir='${datarootdir}/doc/${PACKAGE_TARNAME}'
dvidir='${docdir}'
exec_prefix='${prefix}'
host_alias='mipsel-linux'
htmldir='${docdir}'
includedir='${prefix}/include'
infodir='${datarootdir}/info'
libdir='${exec_prefix}/lib'
libexecdir='${exec_prefix}/libexec'
localedir='${datarootdir}/locale'
localstatedir='${prefix}/var'
mandir='${datarootdir}/man'
oldincludedir='/usr/include'
pdfdir='${docdir}'
prefix=''
program_transform_name='s,x,x,'
psdir='${docdir}'
sbindir='${exec_prefix}/sbin'
sharedstatedir='${prefix}/com'
sysconfdir='${prefix}/etc'
target_alias=''

## ----------- ##
## confdefs.h. ##
## ----------- ##

/* confdefs.h */
#define PACKAGE_NAME "bridge-utils"
#define PACKAGE_TARNAME "bridge-utils"
#define PACKAGE_VERSION "1.5"
#define PACKAGE_STRING "bridge-utils 1.5"
#define PACKAGE_BUGREPORT ""
#define PACKAGE_URL ""
#define STDC_HEADERS 1
#define HAVE_SYS_TYPES_H 1
#define HAVE_SYS_STAT_H 1
#define HAVE_STDLIB_H 1
#define HAVE_STRING_H 1
#define HAVE_MEMORY_H 1
#define HAVE_STRINGS_H 1
#define HAVE_INTTYPES_H 1
#define HAVE_STDINT_H 1
#define HAVE_UNISTD_H 1
#define HAVE_SYS_IOCTL_H 1
#define HAVE_SYS_TIME_H 1
#define TIME_WITH_SYS_TIME 1
#define HAVE_GETHOSTNAME 1
#define HAVE_SOCKET 1
#define HAVE_STRDUP 1
#define HAVE_UNAME 1
#define HAVE_IF_NAMETOINDEX 1
#define HAVE_IF_INDEXTONAME 1

configure: exit 0
