This file contains any messages produced by compilers while
running configure, to aid debugging if configure makes a mistake.

It was created by libsodium configure 1.0.0, which was
generated by GNU Autoconf 2.69.  Invocation command line was

  $ ./configure --host=mipsel-linux --build=x86_64-linux-gnu --prefix=/usr --disable-ssp --enable-minimal

## --------- ##
## Platform. ##
## --------- ##

hostname = asusrtn16
uname -m = x86_64
uname -r = 3.19.0-80-generic
uname -s = Linux
uname -v = #88~14.04.1-Ubuntu SMP Fri Jan 13 14:54:07 UTC 2017

/usr/bin/uname -p = unknown
/bin/uname -X     = unknown

/bin/arch              = unknown
/usr/bin/arch -k       = unknown
/usr/convex/getsysinfo = unknown
/usr/bin/hostinfo      = unknown
/bin/machine           = unknown
/usr/bin/oslevel       = unknown
/bin/universe          = unknown

PATH: /home/astclair/AsusRT-N16/trunk/tomato/release/tools
PATH: /home/astclair/AsusRT-N16/trunk/tomato/release/tools
PATH: /home/astclair/AsusRT-N16/trunk/tomato/release/tools
PATH: /home/astclair/AsusRT-N16/trunk/tomato/release/tools
PATH: /usr/local/sbin
PATH: /usr/local/bin
PATH: /usr/sbin
PATH: /usr/bin
PATH: /sbin
PATH: /bin
PATH: /usr/games
PATH: /usr/local/games
PATH: /opt/brcm/hndtools-mipsel-linux/bin
PATH: /opt/brcm/hndtools-mipsel-linux/uclibc


## ----------- ##
## Core tests. ##
## ----------- ##

configure:2305: checking build system type
configure:2319: result: x86_64-pc-linux-gnu
configure:2339: checking host system type
configure:2352: result: mipsel-unknown-linux-gnu
configure:2388: checking for a BSD-compatible install
configure:2456: result: /usr/bin/install -c
configure:2467: checking whether build environment is sane
configure:2522: result: yes
configure:2581: checking for mipsel-linux-strip
configure:2608: result: mipsel-uclibc-strip
configure:2673: checking for a thread-safe mkdir -p
configure:2712: result: /bin/mkdir -p
configure:2719: checking for gawk
configure:2735: found /usr/bin/gawk
configure:2746: result: gawk
configure:2757: checking whether make sets $(MAKE)
configure:2779: result: yes
configure:2808: checking whether make supports nested variables
configure:2825: result: yes
configure:2914: checking whether UID '1000' is supported by ustar format
configure:2917: result: yes
configure:2924: checking whether GID '1000' is supported by ustar format
configure:2927: result: yes
configure:2935: checking how to create a ustar tar archive
configure:2946: tar --version
tar (GNU tar) 1.27.1
Copyright (C) 2013 Free Software Foundation, Inc.
License GPLv3+: GNU GPL version 3 or later <http://gnu.org/licenses/gpl.html>.
This is free software: you are free to change and redistribute it.
There is NO WARRANTY, to the extent permitted by law.

Written by John Gilmore and Jay Fenlason.
configure:2949: $? = 0
configure:2989: tardir=conftest.dir && eval tar --format=ustar -chf - "$tardir" >conftest.tar
configure:2992: $? = 0
configure:2996: tar -xf - <conftest.tar
configure:2999: $? = 0
configure:3001: cat conftest.dir/file
GrepMe
configure:3004: $? = 0
configure:3017: result: gnutar
configure:3077: checking whether make supports nested variables
configure:3094: result: yes
configure:3106: checking whether to enable maintainer-specific portions of Makefiles
configure:3115: result: no
configure:3341: checking for style of include used by make
configure:3369: result: GNU
configure:3381: checking for mipsel-linux-gcc
configure:3408: result: mipsel-uclibc-gcc
configure:3677: checking for C compiler version
configure:3686: mipsel-uclibc-gcc --version >&5
mipsel-uclibc-gcc (GCC) 4.2.4
Copyright (C) 2007 Free Software Foundation, Inc.
This is free software; see the source for copying conditions.  There is NO
warranty; not even for MERCHANTABILITY or FITNESS FOR A PARTICULAR PURPOSE.

configure:3697: $? = 0
configure:3686: mipsel-uclibc-gcc -v >&5
Using built-in specs.
Target: mipsel-linux-uclibc
Configured with: /home/shibby/openwrt/tomato.toolchain/t/build_dir/toolchain-mipsel_gcc4.2.4/gcc-4.2.4/configure --prefix=/opt/brcm/hndtools-mipsel-uclibc-4.2.4 --build=x86_64-linux-gnu --host=x86_64-linux-gnu --target=mipsel-linux-uclibc --with-gnu-ld --enable-target-optspace --disable-libgomp --disable-libmudflap --disable-multilib --disable-nls --disable-__cxa_atexit --enable-libssp --enable-languages=c,c++ --enable-shared --enable-threads --enable-tls
Thread model: posix
gcc version 4.2.4
configure:3697: $? = 0
configure:3686: mipsel-uclibc-gcc -V >&5
mipsel-uclibc-gcc: '-V' option must have argument
configure:3697: $? = 1
configure:3686: mipsel-uclibc-gcc -qversion >&5
mipsel-uclibc-gcc: unrecognized option '-qversion'
mipsel-uclibc-gcc: no input files
configure:3697: $? = 1
configure:3717: checking whether the C compiler works
configure:3739: mipsel-uclibc-gcc    conftest.c  >&5
configure:3743: $? = 0
configure:3791: result: yes
configure:3794: checking for C compiler default output file name
configure:3796: result: a.out
configure:3802: checking for suffix of executables
configure:3809: mipsel-uclibc-gcc -o conftest    conftest.c  >&5
configure:3813: $? = 0
configure:3835: result: 
configure:3857: checking whether we are cross compiling
configure:3895: result: yes
configure:3900: checking for suffix of object files
configure:3922: mipsel-uclibc-gcc -c   conftest.c >&5
configure:3926: $? = 0
configure:3947: result: o
configure:3951: checking whether we are using the GNU C compiler
configure:3970: mipsel-uclibc-gcc -c   conftest.c >&5
configure:3970: $? = 0
configure:3979: result: yes
configure:3988: checking whether mipsel-uclibc-gcc accepts -g
configure:4008: mipsel-uclibc-gcc -c -g  conftest.c >&5
configure:4008: $? = 0
configure:4049: result: yes
configure:4066: checking for mipsel-uclibc-gcc option to accept ISO C89
configure:4129: mipsel-uclibc-gcc  -c -g -O2  conftest.c >&5
configure:4129: $? = 0
configure:4142: result: none needed
configure:4167: checking whether mipsel-uclibc-gcc understands -c and -o together
configure:4189: mipsel-uclibc-gcc -c conftest.c -o conftest2.o
configure:4192: $? = 0
configure:4189: mipsel-uclibc-gcc -c conftest.c -o conftest2.o
configure:4192: $? = 0
configure:4204: result: yes
configure:4223: checking dependency style of mipsel-uclibc-gcc
configure:4334: result: gcc3
configure:4349: checking for mipsel-uclibc-gcc option to accept ISO C99
configure:4498: mipsel-uclibc-gcc  -c -g -O2  conftest.c >&5
conftest.c:61: error: expected ';', ',' or ')' before 'text'
conftest.c: In function 'main':
conftest.c:115: error: expected '=', ',', ';', 'asm' or '__attribute__' before 'newvar'
conftest.c:115: error: 'newvar' undeclared (first use in this function)
conftest.c:115: error: (Each undeclared identifier is reported only once
conftest.c:115: error: for each function it appears in.)
conftest.c:125: error: 'for' loop initial declaration used outside C99 mode
configure:4498: $? = 1
configure: failed program was:
| /* confdefs.h */
| #define PACKAGE_NAME "libsodium"
| #define PACKAGE_TARNAME "libsodium"
| #define PACKAGE_VERSION "1.0.0"
| #define PACKAGE_STRING "libsodium 1.0.0"
| #define PACKAGE_BUGREPORT "https://github.com/jedisct1/libsodium/issues"
| #define PACKAGE_URL "https://github.com/jedisct1/libsodium"
| #define PACKAGE "libsodium"
| #define VERSION "1.0.0"
| /* end confdefs.h.  */
| #include <stdarg.h>
| #include <stdbool.h>
| #include <stdlib.h>
| #include <wchar.h>
| #include <stdio.h>
| 
| // Check varargs macros.  These examples are taken from C99 6.10.3.5.
| #define debug(...) fprintf (stderr, __VA_ARGS__)
| #define showlist(...) puts (#__VA_ARGS__)
| #define report(test,...) ((test) ? puts (#test) : printf (__VA_ARGS__))
| static void
| test_varargs_macros (void)
| {
|   int x = 1234;
|   int y = 5678;
|   debug ("Flag");
|   debug ("X = %d\n", x);
|   showlist (The first, second, and third items.);
|   report (x>y, "x is %d but y is %d", x, y);
| }
| 
| // Check long long types.
| #define BIG64 18446744073709551615ull
| #define BIG32 4294967295ul
| #define BIG_OK (BIG64 / BIG32 == 4294967297ull && BIG64 % BIG32 == 0)
| #if !BIG_OK
|   your preprocessor is broken;
| #endif
| #if BIG_OK
| #else
|   your preprocessor is broken;
| #endif
| static long long int bignum = -9223372036854775807LL;
| static unsigned long long int ubignum = BIG64;
| 
| struct incomplete_array
| {
|   int datasize;
|   double data[];
| };
| 
| struct named_init {
|   int number;
|   const wchar_t *name;
|   double average;
| };
| 
| typedef const char *ccp;
| 
| static inline int
| test_restrict (ccp restrict text)
| {
|   // See if C++-style comments work.
|   // Iterate through items via the restricted pointer.
|   // Also check for declarations in for loops.
|   for (unsigned int i = 0; *(text+i) != '\0'; ++i)
|     continue;
|   return 0;
| }
| 
| // Check varargs and va_copy.
| static void
| test_varargs (const char *format, ...)
| {
|   va_list args;
|   va_start (args, format);
|   va_list args_copy;
|   va_copy (args_copy, args);
| 
|   const char *str;
|   int number;
|   float fnumber;
| 
|   while (*format)
|     {
|       switch (*format++)
| 	{
| 	case 's': // string
| 	  str = va_arg (args_copy, const char *);
| 	  break;
| 	case 'd': // int
| 	  number = va_arg (args_copy, int);
| 	  break;
| 	case 'f': // float
| 	  fnumber = va_arg (args_copy, double);
| 	  break;
| 	default:
| 	  break;
| 	}
|     }
|   va_end (args_copy);
|   va_end (args);
| }
| 
| int
| main ()
| {
| 
|   // Check bool.
|   _Bool success = false;
| 
|   // Check restrict.
|   if (test_restrict ("String literal") == 0)
|     success = true;
|   char *restrict newvar = "Another string";
| 
|   // Check varargs.
|   test_varargs ("s, d' f .", "string", 65, 34.234);
|   test_varargs_macros ();
| 
|   // Check flexible array members.
|   struct incomplete_array *ia =
|     malloc (sizeof (struct incomplete_array) + (sizeof (double) * 10));
|   ia->datasize = 10;
|   for (int i = 0; i < ia->datasize; ++i)
|     ia->data[i] = i * 1.234;
| 
|   // Check named initializers.
|   struct named_init ni = {
|     .number = 34,
|     .name = L"Test wide string",
|     .average = 543.34343,
|   };
| 
|   ni.number = 58;
| 
|   int dynamic_array[ni.number];
|   dynamic_array[ni.number - 1] = 543;
| 
|   // work around unused variable warnings
|   return (!success || bignum == 0LL || ubignum == 0uLL || newvar[0] == 'x'
| 	  || dynamic_array[ni.number - 1] != 543);
| 
|   ;
|   return 0;
| }
configure:4498: mipsel-uclibc-gcc -std=gnu99 -c -g -O2  conftest.c >&5
configure:4498: $? = 0
configure:4518: result: -std=gnu99
configure:4535: checking dependency style of mipsel-uclibc-gcc -std=gnu99
configure:4644: result: gcc3
configure:4665: checking how to run the C preprocessor
configure:4696: mipsel-uclibc-gcc -std=gnu99 -E  conftest.c
configure:4696: $? = 0
configure:4710: mipsel-uclibc-gcc -std=gnu99 -E  conftest.c
conftest.c:11:28: error: ac_nonexistent.h: No such file or directory
configure:4710: $? = 1
configure: failed program was:
| /* confdefs.h */
| #define PACKAGE_NAME "libsodium"
| #define PACKAGE_TARNAME "libsodium"
| #define PACKAGE_VERSION "1.0.0"
| #define PACKAGE_STRING "libsodium 1.0.0"
| #define PACKAGE_BUGREPORT "https://github.com/jedisct1/libsodium/issues"
| #define PACKAGE_URL "https://github.com/jedisct1/libsodium"
| #define PACKAGE "libsodium"
| #define VERSION "1.0.0"
| /* end confdefs.h.  */
| #include <ac_nonexistent.h>
configure:4735: result: mipsel-uclibc-gcc -std=gnu99 -E
configure:4755: mipsel-uclibc-gcc -std=gnu99 -E  conftest.c
configure:4755: $? = 0
configure:4769: mipsel-uclibc-gcc -std=gnu99 -E  conftest.c
conftest.c:11:28: error: ac_nonexistent.h: No such file or directory
configure:4769: $? = 1
configure: failed program was:
| /* confdefs.h */
| #define PACKAGE_NAME "libsodium"
| #define PACKAGE_TARNAME "libsodium"
| #define PACKAGE_VERSION "1.0.0"
| #define PACKAGE_STRING "libsodium 1.0.0"
| #define PACKAGE_BUGREPORT "https://github.com/jedisct1/libsodium/issues"
| #define PACKAGE_URL "https://github.com/jedisct1/libsodium"
| #define PACKAGE "libsodium"
| #define VERSION "1.0.0"
| /* end confdefs.h.  */
| #include <ac_nonexistent.h>
configure:4798: checking for grep that handles long lines and -e
configure:4856: result: /bin/grep
configure:4861: checking for egrep
configure:4923: result: /bin/grep -E
configure:4928: checking for ANSI C header files
configure:4948: mipsel-uclibc-gcc -std=gnu99 -c -g -O2  conftest.c >&5
configure:4948: $? = 0
configure:5032: result: yes
configure:5045: checking for sys/types.h
configure:5045: mipsel-uclibc-gcc -std=gnu99 -c -g -O2  conftest.c >&5
configure:5045: $? = 0
configure:5045: result: yes
configure:5045: checking for sys/stat.h
configure:5045: mipsel-uclibc-gcc -std=gnu99 -c -g -O2  conftest.c >&5
configure:5045: $? = 0
configure:5045: result: yes
configure:5045: checking for stdlib.h
configure:5045: mipsel-uclibc-gcc -std=gnu99 -c -g -O2  conftest.c >&5
configure:5045: $? = 0
configure:5045: result: yes
configure:5045: checking for string.h
configure:5045: mipsel-uclibc-gcc -std=gnu99 -c -g -O2  conftest.c >&5
configure:5045: $? = 0
configure:5045: result: yes
configure:5045: checking for memory.h
configure:5045: mipsel-uclibc-gcc -std=gnu99 -c -g -O2  conftest.c >&5
configure:5045: $? = 0
configure:5045: result: yes
configure:5045: checking for strings.h
configure:5045: mipsel-uclibc-gcc -std=gnu99 -c -g -O2  conftest.c >&5
configure:5045: $? = 0
configure:5045: result: yes
configure:5045: checking for inttypes.h
configure:5045: mipsel-uclibc-gcc -std=gnu99 -c -g -O2  conftest.c >&5
configure:5045: $? = 0
configure:5045: result: yes
configure:5045: checking for stdint.h
configure:5045: mipsel-uclibc-gcc -std=gnu99 -c -g -O2  conftest.c >&5
configure:5045: $? = 0
configure:5045: result: yes
configure:5045: checking for unistd.h
configure:5045: mipsel-uclibc-gcc -std=gnu99 -c -g -O2  conftest.c >&5
configure:5045: $? = 0
configure:5045: result: yes
configure:5058: checking minix/config.h usability
configure:5058: mipsel-uclibc-gcc -std=gnu99 -c -g -O2  conftest.c >&5
conftest.c:54:26: error: minix/config.h: No such file or directory
configure:5058: $? = 1
configure: failed program was:
| /* confdefs.h */
| #define PACKAGE_NAME "libsodium"
| #define PACKAGE_TARNAME "libsodium"
| #define PACKAGE_VERSION "1.0.0"
| #define PACKAGE_STRING "libsodium 1.0.0"
| #define PACKAGE_BUGREPORT "https://github.com/jedisct1/libsodium/issues"
| #define PACKAGE_URL "https://github.com/jedisct1/libsodium"
| #define PACKAGE "libsodium"
| #define VERSION "1.0.0"
| #define STDC_HEADERS 1
| #define HAVE_SYS_TYPES_H 1
| #define HAVE_SYS_STAT_H 1
| #define HAVE_STDLIB_H 1
| #define HAVE_STRING_H 1
| #define HAVE_MEMORY_H 1
| #define HAVE_STRINGS_H 1
| #define HAVE_INTTYPES_H 1
| #define HAVE_STDINT_H 1
| #define HAVE_UNISTD_H 1
| /* end confdefs.h.  */
| #include <stdio.h>
| #ifdef HAVE_SYS_TYPES_H
| # include <sys/types.h>
| #endif
| #ifdef HAVE_SYS_STAT_H
| # include <sys/stat.h>
| #endif
| #ifdef STDC_HEADERS
| # include <stdlib.h>
| # include <stddef.h>
| #else
| # ifdef HAVE_STDLIB_H
| #  include <stdlib.h>
| # endif
| #endif
| #ifdef HAVE_STRING_H
| # if !defined STDC_HEADERS && defined HAVE_MEMORY_H
| #  include <memory.h>
| # endif
| # include <string.h>
| #endif
| #ifdef HAVE_STRINGS_H
| # include <strings.h>
| #endif
| #ifdef HAVE_INTTYPES_H
| # include <inttypes.h>
| #endif
| #ifdef HAVE_STDINT_H
| # include <stdint.h>
| #endif
| #ifdef HAVE_UNISTD_H
| # include <unistd.h>
| #endif
| #include <minix/config.h>
configure:5058: result: no
configure:5058: checking minix/config.h presence
configure:5058: mipsel-uclibc-gcc -std=gnu99 -E  conftest.c
conftest.c:21:26: error: minix/config.h: No such file or directory
configure:5058: $? = 1
configure: failed program was:
| /* confdefs.h */
| #define PACKAGE_NAME "libsodium"
| #define PACKAGE_TARNAME "libsodium"
| #define PACKAGE_VERSION "1.0.0"
| #define PACKAGE_STRING "libsodium 1.0.0"
| #define PACKAGE_BUGREPORT "https://github.com/jedisct1/libsodium/issues"
| #define PACKAGE_URL "https://github.com/jedisct1/libsodium"
| #define PACKAGE "libsodium"
| #define VERSION "1.0.0"
| #define STDC_HEADERS 1
| #define HAVE_SYS_TYPES_H 1
| #define HAVE_SYS_STAT_H 1
| #define HAVE_STDLIB_H 1
| #define HAVE_STRING_H 1
| #define HAVE_MEMORY_H 1
| #define HAVE_STRINGS_H 1
| #define HAVE_INTTYPES_H 1
| #define HAVE_STDINT_H 1
| #define HAVE_UNISTD_H 1
| /* end confdefs.h.  */
| #include <minix/config.h>
configure:5058: result: no
configure:5058: checking for minix/config.h
configure:5058: result: no
configure:5079: checking whether it is safe to define __EXTENSIONS__
configure:5097: mipsel-uclibc-gcc -std=gnu99 -c -g -O2  conftest.c >&5
configure:5097: $? = 0
configure:5104: result: yes
configure:5120: checking whether C compiler accepts -fvisibility=hidden
configure:5139: mipsel-uclibc-gcc -std=gnu99 -c -g -O2  -fvisibility=hidden  -D_FORTIFY_SOURCE=2 conftest.c >&5
conftest.c: In function 'main':
conftest.c:30: warning: comparison is always true due to limited range of data type
configure:5139: $? = 0
configure:5147: result: yes
configure:5161: checking whether C compiler accepts -fPIC
configure:5180: mipsel-uclibc-gcc -std=gnu99 -c -g -O2 -fvisibility=hidden  -fPIC  -D_FORTIFY_SOURCE=2 conftest.c >&5
conftest.c: In function 'main':
conftest.c:30: warning: comparison is always true due to limited range of data type
configure:5180: $? = 0
configure:5188: result: yes
configure:5192: checking whether the linker accepts -fPIC
configure:5211: mipsel-uclibc-gcc -std=gnu99 -o conftest -g -O2 -fvisibility=hidden  -D_FORTIFY_SOURCE=2   -fPIC conftest.c  >&5
configure:5211: $? = 0
configure:5220: result: yes
configure:5239: checking whether C compiler accepts -fPIE
configure:5258: mipsel-uclibc-gcc -std=gnu99 -c -g -O2 -fvisibility=hidden -fPIC  -fPIE  -D_FORTIFY_SOURCE=2 conftest.c >&5
conftest.c: In function 'main':
conftest.c:30: warning: comparison is always true due to limited range of data type
configure:5258: $? = 0
configure:5266: result: yes
configure:5270: checking whether the linker accepts -fPIE
configure:5289: mipsel-uclibc-gcc -std=gnu99 -o conftest -g -O2 -fvisibility=hidden -fPIC  -D_FORTIFY_SOURCE=2   -fPIE conftest.c  >&5
configure:5289: $? = 0
configure:5298: result: yes
configure:5301: checking whether the linker accepts -pie
configure:5320: mipsel-uclibc-gcc -std=gnu99 -o conftest -g -O2 -fvisibility=hidden -fPIC  -D_FORTIFY_SOURCE=2   -pie conftest.c  >&5
configure:5320: $? = 0
configure:5329: result: yes
configure:5351: checking whether C compiler accepts -fwrapv
configure:5370: mipsel-uclibc-gcc -std=gnu99 -c -g -O2 -fvisibility=hidden -fPIC -fPIE  -fwrapv  -D_FORTIFY_SOURCE=2 conftest.c >&5
conftest.c: In function 'main':
conftest.c:30: warning: comparison is always true due to limited range of data type
configure:5370: $? = 0
configure:5378: result: yes
configure:5386: checking whether C compiler accepts -fno-strict-aliasing
configure:5405: mipsel-uclibc-gcc -std=gnu99 -c -g -O2 -fvisibility=hidden -fPIC -fPIE -fwrapv  -fno-strict-aliasing  -D_FORTIFY_SOURCE=2 conftest.c >&5
conftest.c: In function 'main':
conftest.c:30: warning: comparison is always true due to limited range of data type
configure:5405: $? = 0
configure:5413: result: yes
configure:5421: checking whether C compiler accepts -fno-strict-overflow
configure:5440: mipsel-uclibc-gcc -std=gnu99 -c -g -O2 -fvisibility=hidden -fPIC -fPIE -fwrapv -fno-strict-aliasing  -fno-strict-overflow  -D_FORTIFY_SOURCE=2 conftest.c >&5
conftest.c: In function 'main':
conftest.c:30: warning: comparison is always true due to limited range of data type
configure:5440: $? = 0
configure:5448: result: yes
configure:5640: checking whether C compiler accepts -Winit-self
configure:5659: mipsel-uclibc-gcc -std=gnu99 -c -g -O2 -fvisibility=hidden -fPIC -fPIE -fwrapv -fno-strict-aliasing -fno-strict-overflow  -Winit-self  -D_FORTIFY_SOURCE=2 conftest.c >&5
conftest.c: In function 'main':
conftest.c:30: warning: comparison is always true due to limited range of data type
configure:5659: $? = 0
configure:5667: result: yes
configure:5675: checking whether C compiler accepts -Wwrite-strings
configure:5694: mipsel-uclibc-gcc -std=gnu99 -c -g -O2 -fvisibility=hidden -fPIC -fPIE -fwrapv -fno-strict-aliasing -fno-strict-overflow -Winit-self  -Wwrite-strings  -D_FORTIFY_SOURCE=2 conftest.c >&5
conftest.c: In function 'main':
conftest.c:30: warning: comparison is always true due to limited range of data type
configure:5694: $? = 0
configure:5702: result: yes
configure:5710: checking whether C compiler accepts -Wdiv-by-zero
configure:5729: mipsel-uclibc-gcc -std=gnu99 -c -g -O2 -fvisibility=hidden -fPIC -fPIE -fwrapv -fno-strict-aliasing -fno-strict-overflow -Winit-self -Wwrite-strings  -Wdiv-by-zero  -D_FORTIFY_SOURCE=2 conftest.c >&5
conftest.c: In function 'main':
conftest.c:30: warning: comparison is always true due to limited range of data type
configure:5729: $? = 0
configure:5737: result: yes
configure:5745: checking whether C compiler accepts -Wsometimes-uninitialized
configure:5764: mipsel-uclibc-gcc -std=gnu99 -c -g -O2 -fvisibility=hidden -fPIC -fPIE -fwrapv -fno-strict-aliasing -fno-strict-overflow -Winit-self -Wwrite-strings -Wdiv-by-zero  -Wsometimes-uninitialized  -D_FORTIFY_SOURCE=2 conftest.c >&5
cc1: error: unrecognized command line option "-Wsometimes-uninitialized"
configure:5764: $? = 1
configure: failed program was:
| /* confdefs.h */
| #define PACKAGE_NAME "libsodium"
| #define PACKAGE_TARNAME "libsodium"
| #define PACKAGE_VERSION "1.0.0"
| #define PACKAGE_STRING "libsodium 1.0.0"
| #define PACKAGE_BUGREPORT "https://github.com/jedisct1/libsodium/issues"
| #define PACKAGE_URL "https://github.com/jedisct1/libsodium"
| #define PACKAGE "libsodium"
| #define VERSION "1.0.0"
| #define STDC_HEADERS 1
| #define HAVE_SYS_TYPES_H 1
| #define HAVE_SYS_STAT_H 1
| #define HAVE_STDLIB_H 1
| #define HAVE_STRING_H 1
| #define HAVE_MEMORY_H 1
| #define HAVE_STRINGS_H 1
| #define HAVE_INTTYPES_H 1
| #define HAVE_STDINT_H 1
| #define HAVE_UNISTD_H 1
| #define __EXTENSIONS__ 1
| #define _ALL_SOURCE 1
| #define _GNU_SOURCE 1
| #define _POSIX_PTHREAD_SEMANTICS 1
| #define _TANDEM_SOURCE 1
| /* end confdefs.h.  */
| #include <stdio.h>
| int
| main ()
| {
| char x[42U], fodder = 0;if (fodder > -1000 && fgets(x,1000,stdin)) puts(x)
|   ;
|   return 0;
| }
configure:5772: result: no
configure:5784: checking whether C compiler accepts  -Wall
configure:5803: mipsel-uclibc-gcc -std=gnu99 -c -g -O2 -fvisibility=hidden -fPIC -fPIE -fwrapv -fno-strict-aliasing -fno-strict-overflow -Winit-self -Wwrite-strings -Wdiv-by-zero   -Wall  -D_FORTIFY_SOURCE=2 conftest.c >&5
conftest.c: In function 'main':
conftest.c:30: warning: comparison is always true due to limited range of data type
configure:5803: $? = 0
configure:5812: result: yes
configure:5821: checking whether C compiler accepts  -Wall -Wextra
configure:5840: mipsel-uclibc-gcc -std=gnu99 -c -g -O2 -fvisibility=hidden -fPIC -fPIE -fwrapv -fno-strict-aliasing -fno-strict-overflow -Winit-self -Wwrite-strings -Wdiv-by-zero   -Wall -Wextra  -D_FORTIFY_SOURCE=2 conftest.c >&5
conftest.c: In function 'main':
conftest.c:30: warning: comparison is always true due to limited range of data type
configure:5840: $? = 0
configure:5849: result: yes
configure:5858: checking for clang
configure:5875: mipsel-uclibc-gcc -std=gnu99 -c -g -O2 -fvisibility=hidden -fPIC -fPIE -fwrapv -fno-strict-aliasing -fno-strict-overflow -Winit-self -Wwrite-strings -Wdiv-by-zero  -D_FORTIFY_SOURCE=2 conftest.c >&5
conftest.c: In function 'main':
conftest.c:32: error: 'be' undeclared (first use in this function)
conftest.c:32: error: (Each undeclared identifier is reported only once
conftest.c:32: error: for each function it appears in.)
conftest.c:32: error: expected ';' before 'sad'
configure:5875: $? = 1
configure: failed program was:
| /* confdefs.h */
| #define PACKAGE_NAME "libsodium"
| #define PACKAGE_TARNAME "libsodium"
| #define PACKAGE_VERSION "1.0.0"
| #define PACKAGE_STRING "libsodium 1.0.0"
| #define PACKAGE_BUGREPORT "https://github.com/jedisct1/libsodium/issues"
| #define PACKAGE_URL "https://github.com/jedisct1/libsodium"
| #define PACKAGE "libsodium"
| #define VERSION "1.0.0"
| #define STDC_HEADERS 1
| #define HAVE_SYS_TYPES_H 1
| #define HAVE_SYS_STAT_H 1
| #define HAVE_STDLIB_H 1
| #define HAVE_STRING_H 1
| #define HAVE_MEMORY_H 1
| #define HAVE_STRINGS_H 1
| #define HAVE_INTTYPES_H 1
| #define HAVE_STDINT_H 1
| #define HAVE_UNISTD_H 1
| #define __EXTENSIONS__ 1
| #define _ALL_SOURCE 1
| #define _GNU_SOURCE 1
| #define _POSIX_PTHREAD_SEMANTICS 1
| #define _TANDEM_SOURCE 1
| /* end confdefs.h.  */
| 
| int
| main ()
| {
| 
| #ifndef __clang__
| be sad
| #endif
| 
|   ;
|   return 0;
| }
configure:5917: result: no
configure:5924: checking whether C compiler accepts  -Wall -Wextra -Wbad-function-cast
configure:5943: mipsel-uclibc-gcc -std=gnu99 -c -g -O2 -fvisibility=hidden -fPIC -fPIE -fwrapv -fno-strict-aliasing -fno-strict-overflow -Winit-self -Wwrite-strings -Wdiv-by-zero   -Wall -Wextra -Wbad-function-cast  -D_FORTIFY_SOURCE=2 conftest.c >&5
conftest.c: In function 'main':
conftest.c:30: warning: comparison is always true due to limited range of data type
configure:5943: $? = 0
configure:5952: result: yes
configure:5961: checking whether C compiler accepts  -Wall -Wextra -Wbad-function-cast -Wcast-align
configure:5980: mipsel-uclibc-gcc -std=gnu99 -c -g -O2 -fvisibility=hidden -fPIC -fPIE -fwrapv -fno-strict-aliasing -fno-strict-overflow -Winit-self -Wwrite-strings -Wdiv-by-zero   -Wall -Wextra -Wbad-function-cast -Wcast-align  -D_FORTIFY_SOURCE=2 conftest.c >&5
conftest.c: In function 'main':
conftest.c:30: warning: comparison is always true due to limited range of data type
configure:5980: $? = 0
configure:5989: result: yes
configure:5998: checking whether C compiler accepts  -Wall -Wextra -Wbad-function-cast -Wcast-align -Wcast-qual
configure:6017: mipsel-uclibc-gcc -std=gnu99 -c -g -O2 -fvisibility=hidden -fPIC -fPIE -fwrapv -fno-strict-aliasing -fno-strict-overflow -Winit-self -Wwrite-strings -Wdiv-by-zero   -Wall -Wextra -Wbad-function-cast -Wcast-align -Wcast-qual  -D_FORTIFY_SOURCE=2 conftest.c >&5
conftest.c: In function 'main':
conftest.c:30: warning: comparison is always true due to limited range of data type
configure:6017: $? = 0
configure:6026: result: yes
configure:6035: checking whether C compiler accepts  -Wall -Wextra -Wbad-function-cast -Wcast-align -Wcast-qual -Wchar-subscripts
configure:6054: mipsel-uclibc-gcc -std=gnu99 -c -g -O2 -fvisibility=hidden -fPIC -fPIE -fwrapv -fno-strict-aliasing -fno-strict-overflow -Winit-self -Wwrite-strings -Wdiv-by-zero   -Wall -Wextra -Wbad-function-cast -Wcast-align -Wcast-qual -Wchar-subscripts  -D_FORTIFY_SOURCE=2 conftest.c >&5
conftest.c: In function 'main':
conftest.c:30: warning: comparison is always true due to limited range of data type
configure:6054: $? = 0
configure:6063: result: yes
configure:6072: checking whether C compiler accepts  -Wall -Wextra -Wbad-function-cast -Wcast-align -Wcast-qual -Wchar-subscripts -Wcomment
configure:6091: mipsel-uclibc-gcc -std=gnu99 -c -g -O2 -fvisibility=hidden -fPIC -fPIE -fwrapv -fno-strict-aliasing -fno-strict-overflow -Winit-self -Wwrite-strings -Wdiv-by-zero   -Wall -Wextra -Wbad-function-cast -Wcast-align -Wcast-qual -Wchar-subscripts -Wcomment  -D_FORTIFY_SOURCE=2 conftest.c >&5
conftest.c: In function 'main':
conftest.c:30: warning: comparison is always true due to limited range of data type
configure:6091: $? = 0
configure:6100: result: yes
configure:6109: checking whether C compiler accepts  -Wall -Wextra -Wbad-function-cast -Wcast-align -Wcast-qual -Wchar-subscripts -Wcomment -Wfloat-equal
configure:6128: mipsel-uclibc-gcc -std=gnu99 -c -g -O2 -fvisibility=hidden -fPIC -fPIE -fwrapv -fno-strict-aliasing -fno-strict-overflow -Winit-self -Wwrite-strings -Wdiv-by-zero   -Wall -Wextra -Wbad-function-cast -Wcast-align -Wcast-qual -Wchar-subscripts -Wcomment -Wfloat-equal  -D_FORTIFY_SOURCE=2 conftest.c >&5
conftest.c: In function 'main':
conftest.c:30: warning: comparison is always true due to limited range of data type
configure:6128: $? = 0
configure:6137: result: yes
configure:6146: checking whether C compiler accepts  -Wall -Wextra -Wbad-function-cast -Wcast-align -Wcast-qual -Wchar-subscripts -Wcomment -Wfloat-equal -Wformat=2
configure:6165: mipsel-uclibc-gcc -std=gnu99 -c -g -O2 -fvisibility=hidden -fPIC -fPIE -fwrapv -fno-strict-aliasing -fno-strict-overflow -Winit-self -Wwrite-strings -Wdiv-by-zero   -Wall -Wextra -Wbad-function-cast -Wcast-align -Wcast-qual -Wchar-subscripts -Wcomment -Wfloat-equal -Wformat=2  -D_FORTIFY_SOURCE=2 conftest.c >&5
conftest.c: In function 'main':
conftest.c:30: warning: comparison is always true due to limited range of data type
configure:6165: $? = 0
configure:6174: result: yes
configure:6183: checking whether C compiler accepts  -Wall -Wextra -Wbad-function-cast -Wcast-align -Wcast-qual -Wchar-subscripts -Wcomment -Wfloat-equal -Wformat=2 -Wimplicit
configure:6202: mipsel-uclibc-gcc -std=gnu99 -c -g -O2 -fvisibility=hidden -fPIC -fPIE -fwrapv -fno-strict-aliasing -fno-strict-overflow -Winit-self -Wwrite-strings -Wdiv-by-zero   -Wall -Wextra -Wbad-function-cast -Wcast-align -Wcast-qual -Wchar-subscripts -Wcomment -Wfloat-equal -Wformat=2 -Wimplicit  -D_FORTIFY_SOURCE=2 conftest.c >&5
conftest.c: In function 'main':
conftest.c:30: warning: comparison is always true due to limited range of data type
configure:6202: $? = 0
configure:6211: result: yes
configure:6220: checking whether C compiler accepts  -Wall -Wextra -Wbad-function-cast -Wcast-align -Wcast-qual -Wchar-subscripts -Wcomment -Wfloat-equal -Wformat=2 -Wimplicit -Wmissing-declarations
configure:6239: mipsel-uclibc-gcc -std=gnu99 -c -g -O2 -fvisibility=hidden -fPIC -fPIE -fwrapv -fno-strict-aliasing -fno-strict-overflow -Winit-self -Wwrite-strings -Wdiv-by-zero   -Wall -Wextra -Wbad-function-cast -Wcast-align -Wcast-qual -Wchar-subscripts -Wcomment -Wfloat-equal -Wformat=2 -Wimplicit -Wmissing-declarations  -D_FORTIFY_SOURCE=2 conftest.c >&5
conftest.c: In function 'main':
conftest.c:30: warning: comparison is always true due to limited range of data type
configure:6239: $? = 0
configure:6248: result: yes
configure:6257: checking whether C compiler accepts  -Wall -Wextra -Wbad-function-cast -Wcast-align -Wcast-qual -Wchar-subscripts -Wcomment -Wfloat-equal -Wformat=2 -Wimplicit -Wmissing-declarations -Wmissing-prototypes
configure:6276: mipsel-uclibc-gcc -std=gnu99 -c -g -O2 -fvisibility=hidden -fPIC -fPIE -fwrapv -fno-strict-aliasing -fno-strict-overflow -Winit-self -Wwrite-strings -Wdiv-by-zero   -Wall -Wextra -Wbad-function-cast -Wcast-align -Wcast-qual -Wchar-subscripts -Wcomment -Wfloat-equal -Wformat=2 -Wimplicit -Wmissing-declarations -Wmissing-prototypes  -D_FORTIFY_SOURCE=2 conftest.c >&5
conftest.c: In function 'main':
conftest.c:30: warning: comparison is always true due to limited range of data type
configure:6276: $? = 0
configure:6285: result: yes
configure:6294: checking whether C compiler accepts  -Wall -Wextra -Wbad-function-cast -Wcast-align -Wcast-qual -Wchar-subscripts -Wcomment -Wfloat-equal -Wformat=2 -Wimplicit -Wmissing-declarations -Wmissing-prototypes -Wnormalized=id
configure:6313: mipsel-uclibc-gcc -std=gnu99 -c -g -O2 -fvisibility=hidden -fPIC -fPIE -fwrapv -fno-strict-aliasing -fno-strict-overflow -Winit-self -Wwrite-strings -Wdiv-by-zero   -Wall -Wextra -Wbad-function-cast -Wcast-align -Wcast-qual -Wchar-subscripts -Wcomment -Wfloat-equal -Wformat=2 -Wimplicit -Wmissing-declarations -Wmissing-prototypes -Wnormalized=id  -D_FORTIFY_SOURCE=2 conftest.c >&5
conftest.c: In function 'main':
conftest.c:30: warning: comparison is always true due to limited range of data type
configure:6313: $? = 0
configure:6322: result: yes
configure:6331: checking whether C compiler accepts  -Wall -Wextra -Wbad-function-cast -Wcast-align -Wcast-qual -Wchar-subscripts -Wcomment -Wfloat-equal -Wformat=2 -Wimplicit -Wmissing-declarations -Wmissing-prototypes -Wnormalized=id -Woverride-init
configure:6350: mipsel-uclibc-gcc -std=gnu99 -c -g -O2 -fvisibility=hidden -fPIC -fPIE -fwrapv -fno-strict-aliasing -fno-strict-overflow -Winit-self -Wwrite-strings -Wdiv-by-zero   -Wall -Wextra -Wbad-function-cast -Wcast-align -Wcast-qual -Wchar-subscripts -Wcomment -Wfloat-equal -Wformat=2 -Wimplicit -Wmissing-declarations -Wmissing-prototypes -Wnormalized=id -Woverride-init  -D_FORTIFY_SOURCE=2 conftest.c >&5
conftest.c: In function 'main':
conftest.c:30: warning: comparison is always true due to limited range of data type
configure:6350: $? = 0
configure:6359: result: yes
configure:6368: checking whether C compiler accepts  -Wall -Wextra -Wbad-function-cast -Wcast-align -Wcast-qual -Wchar-subscripts -Wcomment -Wfloat-equal -Wformat=2 -Wimplicit -Wmissing-declarations -Wmissing-prototypes -Wnormalized=id -Woverride-init -Wparentheses
configure:6387: mipsel-uclibc-gcc -std=gnu99 -c -g -O2 -fvisibility=hidden -fPIC -fPIE -fwrapv -fno-strict-aliasing -fno-strict-overflow -Winit-self -Wwrite-strings -Wdiv-by-zero   -Wall -Wextra -Wbad-function-cast -Wcast-align -Wcast-qual -Wchar-subscripts -Wcomment -Wfloat-equal -Wformat=2 -Wimplicit -Wmissing-declarations -Wmissing-prototypes -Wnormalized=id -Woverride-init -Wparentheses  -D_FORTIFY_SOURCE=2 conftest.c >&5
conftest.c: In function 'main':
conftest.c:30: warning: comparison is always true due to limited range of data type
configure:6387: $? = 0
configure:6396: result: yes
configure:6405: checking whether C compiler accepts  -Wall -Wextra -Wbad-function-cast -Wcast-align -Wcast-qual -Wchar-subscripts -Wcomment -Wfloat-equal -Wformat=2 -Wimplicit -Wmissing-declarations -Wmissing-prototypes -Wnormalized=id -Woverride-init -Wparentheses -Wpointer-arith
configure:6424: mipsel-uclibc-gcc -std=gnu99 -c -g -O2 -fvisibility=hidden -fPIC -fPIE -fwrapv -fno-strict-aliasing -fno-strict-overflow -Winit-self -Wwrite-strings -Wdiv-by-zero   -Wall -Wextra -Wbad-function-cast -Wcast-align -Wcast-qual -Wchar-subscripts -Wcomment -Wfloat-equal -Wformat=2 -Wimplicit -Wmissing-declarations -Wmissing-prototypes -Wnormalized=id -Woverride-init -Wparentheses -Wpointer-arith  -D_FORTIFY_SOURCE=2 conftest.c >&5
conftest.c: In function 'main':
conftest.c:30: warning: comparison is always true due to limited range of data type
configure:6424: $? = 0
configure:6433: result: yes
configure:6442: checking whether C compiler accepts  -Wall -Wextra -Wbad-function-cast -Wcast-align -Wcast-qual -Wchar-subscripts -Wcomment -Wfloat-equal -Wformat=2 -Wimplicit -Wmissing-declarations -Wmissing-prototypes -Wnormalized=id -Woverride-init -Wparentheses -Wpointer-arith -Wredundant-decls
configure:6461: mipsel-uclibc-gcc -std=gnu99 -c -g -O2 -fvisibility=hidden -fPIC -fPIE -fwrapv -fno-strict-aliasing -fno-strict-overflow -Winit-self -Wwrite-strings -Wdiv-by-zero   -Wall -Wextra -Wbad-function-cast -Wcast-align -Wcast-qual -Wchar-subscripts -Wcomment -Wfloat-equal -Wformat=2 -Wimplicit -Wmissing-declarations -Wmissing-prototypes -Wnormalized=id -Woverride-init -Wparentheses -Wpointer-arith -Wredundant-decls  -D_FORTIFY_SOURCE=2 conftest.c >&5
conftest.c: In function 'main':
conftest.c:30: warning: comparison is always true due to limited range of data type
configure:6461: $? = 0
configure:6470: result: yes
configure:6479: checking whether C compiler accepts  -Wall -Wextra -Wbad-function-cast -Wcast-align -Wcast-qual -Wchar-subscripts -Wcomment -Wfloat-equal -Wformat=2 -Wimplicit -Wmissing-declarations -Wmissing-prototypes -Wnormalized=id -Woverride-init -Wparentheses -Wpointer-arith -Wredundant-decls -Wstrict-prototypes
configure:6498: mipsel-uclibc-gcc -std=gnu99 -c -g -O2 -fvisibility=hidden -fPIC -fPIE -fwrapv -fno-strict-aliasing -fno-strict-overflow -Winit-self -Wwrite-strings -Wdiv-by-zero   -Wall -Wextra -Wbad-function-cast -Wcast-align -Wcast-qual -Wchar-subscripts -Wcomment -Wfloat-equal -Wformat=2 -Wimplicit -Wmissing-declarations -Wmissing-prototypes -Wnormalized=id -Woverride-init -Wparentheses -Wpointer-arith -Wredundant-decls -Wstrict-prototypes  -D_FORTIFY_SOURCE=2 conftest.c >&5
conftest.c:29: warning: function declaration isn't a prototype
conftest.c: In function 'main':
conftest.c:30: warning: comparison is always true due to limited range of data type
configure:6498: $? = 0
configure:6507: result: yes
configure:6516: checking whether C compiler accepts  -Wall -Wextra -Wbad-function-cast -Wcast-align -Wcast-qual -Wchar-subscripts -Wcomment -Wfloat-equal -Wformat=2 -Wimplicit -Wmissing-declarations -Wmissing-prototypes -Wnormalized=id -Woverride-init -Wparentheses -Wpointer-arith -Wredundant-decls -Wstrict-prototypes -Wswitch-enum
configure:6535: mipsel-uclibc-gcc -std=gnu99 -c -g -O2 -fvisibility=hidden -fPIC -fPIE -fwrapv -fno-strict-aliasing -fno-strict-overflow -Winit-self -Wwrite-strings -Wdiv-by-zero   -Wall -Wextra -Wbad-function-cast -Wcast-align -Wcast-qual -Wchar-subscripts -Wcomment -Wfloat-equal -Wformat=2 -Wimplicit -Wmissing-declarations -Wmissing-prototypes -Wnormalized=id -Woverride-init -Wparentheses -Wpointer-arith -Wredundant-decls -Wstrict-prototypes -Wswitch-enum  -D_FORTIFY_SOURCE=2 conftest.c >&5
conftest.c:29: warning: function declaration isn't a prototype
conftest.c: In function 'main':
conftest.c:30: warning: comparison is always true due to limited range of data type
configure:6535: $? = 0
configure:6544: result: yes
configure:6553: checking whether C compiler accepts  -Wall -Wextra -Wbad-function-cast -Wcast-align -Wcast-qual -Wchar-subscripts -Wcomment -Wfloat-equal -Wformat=2 -Wimplicit -Wmissing-declarations -Wmissing-prototypes -Wnormalized=id -Woverride-init -Wparentheses -Wpointer-arith -Wredundant-decls -Wstrict-prototypes -Wswitch-enum -Wvariable-decl
configure:6572: mipsel-uclibc-gcc -std=gnu99 -c -g -O2 -fvisibility=hidden -fPIC -fPIE -fwrapv -fno-strict-aliasing -fno-strict-overflow -Winit-self -Wwrite-strings -Wdiv-by-zero   -Wall -Wextra -Wbad-function-cast -Wcast-align -Wcast-qual -Wchar-subscripts -Wcomment -Wfloat-equal -Wformat=2 -Wimplicit -Wmissing-declarations -Wmissing-prototypes -Wnormalized=id -Woverride-init -Wparentheses -Wpointer-arith -Wredundant-decls -Wstrict-prototypes -Wswitch-enum -Wvariable-decl  -D_FORTIFY_SOURCE=2 conftest.c >&5
cc1: error: unrecognized command line option "-Wvariable-decl"
configure:6572: $? = 1
configure: failed program was:
| /* confdefs.h */
| #define PACKAGE_NAME "libsodium"
| #define PACKAGE_TARNAME "libsodium"
| #define PACKAGE_VERSION "1.0.0"
| #define PACKAGE_STRING "libsodium 1.0.0"
| #define PACKAGE_BUGREPORT "https://github.com/jedisct1/libsodium/issues"
| #define PACKAGE_URL "https://github.com/jedisct1/libsodium"
| #define PACKAGE "libsodium"
| #define VERSION "1.0.0"
| #define STDC_HEADERS 1
| #define HAVE_SYS_TYPES_H 1
| #define HAVE_SYS_STAT_H 1
| #define HAVE_STDLIB_H 1
| #define HAVE_STRING_H 1
| #define HAVE_MEMORY_H 1
| #define HAVE_STRINGS_H 1
| #define HAVE_INTTYPES_H 1
| #define HAVE_STDINT_H 1
| #define HAVE_UNISTD_H 1
| #define __EXTENSIONS__ 1
| #define _ALL_SOURCE 1
| #define _GNU_SOURCE 1
| #define _POSIX_PTHREAD_SEMANTICS 1
| #define _TANDEM_SOURCE 1
| /* end confdefs.h.  */
| #include <stdio.h>
| int
| main ()
| {
| char x[42U], fodder = 0;if (fodder > -1000 && fgets(x,1000,stdin)) puts(x)
|   ;
|   return 0;
| }
configure:6581: result: no
configure:6590: checking whether the linker accepts -Wl,-z,relro
configure:6609: mipsel-uclibc-gcc -std=gnu99 -o conftest -g -O2 -fvisibility=hidden -fPIC -fPIE -fwrapv -fno-strict-aliasing -fno-strict-overflow -Winit-self -Wwrite-strings -Wdiv-by-zero  -D_FORTIFY_SOURCE=2  -pie  -Wl,-z,relro conftest.c  >&5
configure:6609: $? = 0
configure:6618: result: yes
configure:6626: checking whether the linker accepts -Wl,-z,now
configure:6645: mipsel-uclibc-gcc -std=gnu99 -o conftest -g -O2 -fvisibility=hidden -fPIC -fPIE -fwrapv -fno-strict-aliasing -fno-strict-overflow -Winit-self -Wwrite-strings -Wdiv-by-zero  -D_FORTIFY_SOURCE=2  -pie -Wl,-z,relro  -Wl,-z,now conftest.c  >&5
configure:6645: $? = 0
configure:6654: result: yes
configure:6662: checking whether the linker accepts -Wl,-z,noexecstack
configure:6681: mipsel-uclibc-gcc -std=gnu99 -o conftest -g -O2 -fvisibility=hidden -fPIC -fPIE -fwrapv -fno-strict-aliasing -fno-strict-overflow -Winit-self -Wwrite-strings -Wdiv-by-zero  -D_FORTIFY_SOURCE=2  -pie -Wl,-z,relro -Wl,-z,now  -Wl,-z,noexecstack conftest.c  >&5
configure:6681: $? = 0
configure:6690: result: yes
configure:6745: checking how to print strings
configure:6772: result: printf
configure:6793: checking for a sed that does not truncate output
configure:6857: result: /bin/sed
configure:6875: checking for fgrep
configure:6937: result: /bin/grep -F
configure:6972: checking for ld used by mipsel-uclibc-gcc -std=gnu99
configure:7039: result: mipsel-uclibc-ld
configure:7046: checking if the linker (mipsel-uclibc-ld) is GNU ld
configure:7061: result: yes
configure:7073: checking for BSD- or MS-compatible name lister (nm)
configure:7122: result: mipsel-uclibc-nm
configure:7252: checking the name lister (mipsel-uclibc-nm) interface
configure:7259: mipsel-uclibc-gcc -std=gnu99 -c -g -O2 -fvisibility=hidden -fPIC -fPIE -fwrapv -fno-strict-aliasing -fno-strict-overflow -Winit-self -Wwrite-strings -Wdiv-by-zero  -D_FORTIFY_SOURCE=2 conftest.c >&5
configure:7262: mipsel-uclibc-nm "conftest.o"
configure:7265: output
00000000 B some_variable
configure:7272: result: BSD nm
configure:7275: checking whether ln -s works
configure:7279: result: yes
configure:7287: checking the maximum length of command line arguments
configure:7417: result: 3458764513820540925
configure:7434: checking whether the shell understands some XSI constructs
configure:7444: result: yes
configure:7448: checking whether the shell understands "+="
configure:7454: result: yes
configure:7489: checking how to convert x86_64-pc-linux-gnu file names to mipsel-unknown-linux-gnu format
configure:7529: result: func_convert_file_noop
configure:7536: checking how to convert x86_64-pc-linux-gnu file names to toolchain format
configure:7556: result: func_convert_file_noop
configure:7563: checking for mipsel-uclibc-ld option to reload object files
configure:7570: result: -r
configure:7604: checking for mipsel-linux-objdump
configure:7620: found /opt/brcm/hndtools-mipsel-linux/bin/mipsel-linux-objdump
configure:7631: result: mipsel-linux-objdump
configure:7703: checking how to recognize dependent libraries
configure:7905: result: pass_all
configure:7950: checking for mipsel-linux-dlltool
configure:7980: result: no
configure:7990: checking for dlltool
configure:8020: result: no
configure:8050: checking how to associate runtime and link libraries
configure:8077: result: printf %s\n
configure:8093: checking for mipsel-linux-ar
configure:8120: result: mipsel-uclibc-ar
configure:8201: checking for archiver @FILE support
configure:8218: mipsel-uclibc-gcc -std=gnu99 -c -g -O2 -fvisibility=hidden -fPIC -fPIE -fwrapv -fno-strict-aliasing -fno-strict-overflow -Winit-self -Wwrite-strings -Wdiv-by-zero  -D_FORTIFY_SOURCE=2 conftest.c >&5
configure:8218: $? = 0
configure:8221: mipsel-uclibc-ar cru libconftest.a @conftest.lst >&5
configure:8224: $? = 0
configure:8229: mipsel-uclibc-ar cru libconftest.a @conftest.lst >&5
mipsel-uclibc-ar: conftest.o: No such file or directory
configure:8232: $? = 1
configure:8244: result: @
configure:8262: checking for mipsel-linux-strip
configure:8289: result: mipsel-uclibc-strip
configure:8361: checking for mipsel-linux-ranlib
configure:8388: result: mipsel-uclibc-ranlib
configure:8530: checking command to parse mipsel-uclibc-nm output from mipsel-uclibc-gcc -std=gnu99 object
configure:8650: mipsel-uclibc-gcc -std=gnu99 -c -g -O2 -fvisibility=hidden -fPIC -fPIE -fwrapv -fno-strict-aliasing -fno-strict-overflow -Winit-self -Wwrite-strings -Wdiv-by-zero  -D_FORTIFY_SOURCE=2 conftest.c >&5
configure:8653: $? = 0
configure:8657: mipsel-uclibc-nm conftest.o \| sed -n -e 's/^.*[ ]\([ABCDGIRSTW][ABCDGIRSTW]*\)[ ][ ]*\([_A-Za-z][_A-Za-z0-9]*\)$/\1 \2 \2/p' | sed '/ __gnu_lto/d' \> conftest.nm
configure:8660: $? = 0
configure:8726: mipsel-uclibc-gcc -std=gnu99 -o conftest -g -O2 -fvisibility=hidden -fPIC -fPIE -fwrapv -fno-strict-aliasing -fno-strict-overflow -Winit-self -Wwrite-strings -Wdiv-by-zero  -D_FORTIFY_SOURCE=2  -pie -Wl,-z,relro -Wl,-z,now -Wl,-z,noexecstack conftest.c conftstm.o >&5
configure:8729: $? = 0
configure:8767: result: ok
configure:8804: checking for sysroot
configure:8834: result: no
configure:9050: checking for mipsel-linux-mt
configure:9080: result: no
configure:9090: checking for mt
configure:9106: found /bin/mt
configure:9117: result: mt
configure:9129: WARNING: using cross tools not prefixed with host triplet
configure:9140: checking if mt is a manifest tool
configure:9146: mt '-?'
configure:9154: result: no
configure:9793: checking for dlfcn.h
configure:9793: mipsel-uclibc-gcc -std=gnu99 -c -g -O2 -fvisibility=hidden -fPIC -fPIE -fwrapv -fno-strict-aliasing -fno-strict-overflow -Winit-self -Wwrite-strings -Wdiv-by-zero  -D_FORTIFY_SOURCE=2 conftest.c >&5
configure:9793: $? = 0
configure:9793: result: yes
configure:9999: checking for objdir
configure:10014: result: .libs
configure:10285: checking if mipsel-uclibc-gcc -std=gnu99 supports -fno-rtti -fno-exceptions
configure:10303: mipsel-uclibc-gcc -std=gnu99 -c -g -O2 -fvisibility=hidden -fPIC -fPIE -fwrapv -fno-strict-aliasing -fno-strict-overflow -Winit-self -Wwrite-strings -Wdiv-by-zero  -D_FORTIFY_SOURCE=2 -fno-rtti -fno-exceptions conftest.c >&5
cc1: warning: command line option "-fno-rtti" is valid for C++/ObjC++ but not for C
configure:10307: $? = 0
configure:10320: result: no
configure:10647: checking for mipsel-uclibc-gcc -std=gnu99 option to produce PIC
configure:10654: result: -fPIC -DPIC
configure:10662: checking if mipsel-uclibc-gcc -std=gnu99 PIC flag -fPIC -DPIC works
configure:10680: mipsel-uclibc-gcc -std=gnu99 -c -g -O2 -fvisibility=hidden -fPIC -fPIE -fwrapv -fno-strict-aliasing -fno-strict-overflow -Winit-self -Wwrite-strings -Wdiv-by-zero  -D_FORTIFY_SOURCE=2 -fPIC -DPIC -DPIC conftest.c >&5
configure:10684: $? = 0
configure:10697: result: yes
configure:10726: checking if mipsel-uclibc-gcc -std=gnu99 static flag -static works
configure:10754: result: yes
configure:10769: checking if mipsel-uclibc-gcc -std=gnu99 supports -c -o file.o
configure:10790: mipsel-uclibc-gcc -std=gnu99 -c -g -O2 -fvisibility=hidden -fPIC -fPIE -fwrapv -fno-strict-aliasing -fno-strict-overflow -Winit-self -Wwrite-strings -Wdiv-by-zero  -D_FORTIFY_SOURCE=2 -o out/conftest2.o conftest.c >&5
configure:10794: $? = 0
configure:10816: result: yes
configure:10824: checking if mipsel-uclibc-gcc -std=gnu99 supports -c -o file.o
configure:10871: result: yes
configure:10904: checking whether the mipsel-uclibc-gcc -std=gnu99 linker (mipsel-uclibc-ld) supports shared libraries
configure:12057: result: yes
configure:12094: checking whether -lc should be explicitly linked in
configure:12102: mipsel-uclibc-gcc -std=gnu99 -c -g -O2 -fvisibility=hidden -fPIC -fPIE -fwrapv -fno-strict-aliasing -fno-strict-overflow -Winit-self -Wwrite-strings -Wdiv-by-zero  -D_FORTIFY_SOURCE=2 conftest.c >&5
configure:12105: $? = 0
configure:12120: mipsel-uclibc-gcc -std=gnu99 -shared  -fPIC -DPIC conftest.o  -v -Wl,-soname -Wl,conftest -o conftest 2\>\&1 \| /bin/grep  -lc  \>/dev/null 2\>\&1
configure:12123: $? = 0
configure:12137: result: no
configure:12297: checking dynamic linker characteristics
configure:12808: mipsel-uclibc-gcc -std=gnu99 -o conftest -g -O2 -fvisibility=hidden -fPIC -fPIE -fwrapv -fno-strict-aliasing -fno-strict-overflow -Winit-self -Wwrite-strings -Wdiv-by-zero  -D_FORTIFY_SOURCE=2  -pie -Wl,-z,relro -Wl,-z,now -Wl,-z,noexecstack -Wl,-rpath -Wl,/foo conftest.c  >&5
configure:12808: $? = 0
configure:13030: result: GNU/Linux ld.so
configure:13137: checking how to hardcode library paths into programs
configure:13162: result: immediate
configure:13702: checking whether stripping libraries is possible
configure:13707: result: yes
configure:13742: checking if libtool supports shared libraries
configure:13744: result: yes
configure:13747: checking whether to build shared libraries
configure:13768: result: yes
configure:13771: checking whether to build static libraries
configure:13775: result: yes
configure:13818: checking for mipsel-linux-ar
configure:13845: result: mipsel-uclibc-ar
configure:13912: checking for MMX instructions set
configure:13928: mipsel-uclibc-gcc -std=gnu99 -c -g -O2 -fvisibility=hidden -fPIC -fPIE -fwrapv -fno-strict-aliasing -fno-strict-overflow -Winit-self -Wwrite-strings -Wdiv-by-zero  -D_FORTIFY_SOURCE=2 conftest.c >&5
conftest.c:30:22: error: mmintrin.h: No such file or directory
conftest.c: In function 'main':
conftest.c:35: error: '__m64' undeclared (first use in this function)
conftest.c:35: error: (Each undeclared identifier is reported only once
conftest.c:35: error: for each function it appears in.)
conftest.c:35: error: expected ';' before 'x'
configure:13928: $? = 1
configure: failed program was:
| /* confdefs.h */
| #define PACKAGE_NAME "libsodium"
| #define PACKAGE_TARNAME "libsodium"
| #define PACKAGE_VERSION "1.0.0"
| #define PACKAGE_STRING "libsodium 1.0.0"
| #define PACKAGE_BUGREPORT "https://github.com/jedisct1/libsodium/issues"
| #define PACKAGE_URL "https://github.com/jedisct1/libsodium"
| #define PACKAGE "libsodium"
| #define VERSION "1.0.0"
| #define STDC_HEADERS 1
| #define HAVE_SYS_TYPES_H 1
| #define HAVE_SYS_STAT_H 1
| #define HAVE_STDLIB_H 1
| #define HAVE_STRING_H 1
| #define HAVE_MEMORY_H 1
| #define HAVE_STRINGS_H 1
| #define HAVE_INTTYPES_H 1
| #define HAVE_STDINT_H 1
| #define HAVE_UNISTD_H 1
| #define __EXTENSIONS__ 1
| #define _ALL_SOURCE 1
| #define _GNU_SOURCE 1
| #define _POSIX_PTHREAD_SEMANTICS 1
| #define _TANDEM_SOURCE 1
| #define HAVE_DLFCN_H 1
| #define LT_OBJDIR ".libs/"
| /* end confdefs.h.  */
| 
| #pragma GCC target("mmx")
| #include <mmintrin.h>
| 
| int
| main ()
| {
|  __m64 x = _mm_setzero_si64();
|   ;
|   return 0;
| }
configure:13935: result: no
configure:13940: checking for SSE2 instructions set
configure:13956: mipsel-uclibc-gcc -std=gnu99 -c -g -O2 -fvisibility=hidden -fPIC -fPIE -fwrapv -fno-strict-aliasing -fno-strict-overflow -Winit-self -Wwrite-strings -Wdiv-by-zero  -D_FORTIFY_SOURCE=2 conftest.c >&5
conftest.c:30:23: error: emmintrin.h: No such file or directory
conftest.c: In function 'main':
conftest.c:35: error: '__m128d' undeclared (first use in this function)
conftest.c:35: error: (Each undeclared identifier is reported only once
conftest.c:35: error: for each function it appears in.)
conftest.c:35: error: expected ';' before 'x'
configure:13956: $? = 1
configure: failed program was:
| /* confdefs.h */
| #define PACKAGE_NAME "libsodium"
| #define PACKAGE_TARNAME "libsodium"
| #define PACKAGE_VERSION "1.0.0"
| #define PACKAGE_STRING "libsodium 1.0.0"
| #define PACKAGE_BUGREPORT "https://github.com/jedisct1/libsodium/issues"
| #define PACKAGE_URL "https://github.com/jedisct1/libsodium"
| #define PACKAGE "libsodium"
| #define VERSION "1.0.0"
| #define STDC_HEADERS 1
| #define HAVE_SYS_TYPES_H 1
| #define HAVE_SYS_STAT_H 1
| #define HAVE_STDLIB_H 1
| #define HAVE_STRING_H 1
| #define HAVE_MEMORY_H 1
| #define HAVE_STRINGS_H 1
| #define HAVE_INTTYPES_H 1
| #define HAVE_STDINT_H 1
| #define HAVE_UNISTD_H 1
| #define __EXTENSIONS__ 1
| #define _ALL_SOURCE 1
| #define _GNU_SOURCE 1
| #define _POSIX_PTHREAD_SEMANTICS 1
| #define _TANDEM_SOURCE 1
| #define HAVE_DLFCN_H 1
| #define LT_OBJDIR ".libs/"
| /* end confdefs.h.  */
| 
| #pragma GCC target("sse2")
| #include <emmintrin.h>
| 
| int
| main ()
| {
|  __m128d x = _mm_setzero_pd();
|   ;
|   return 0;
| }
configure:13963: result: no
configure:13968: checking for SSE3 instructions set
configure:13985: mipsel-uclibc-gcc -std=gnu99 -c -g -O2 -fvisibility=hidden -fPIC -fPIE -fwrapv -fno-strict-aliasing -fno-strict-overflow -Winit-self -Wwrite-strings -Wdiv-by-zero  -D_FORTIFY_SOURCE=2 conftest.c >&5
conftest.c:30:23: error: pmmintrin.h: No such file or directory
conftest.c: In function 'main':
conftest.c:35: error: '__m128' undeclared (first use in this function)
conftest.c:35: error: (Each undeclared identifier is reported only once
conftest.c:35: error: for each function it appears in.)
conftest.c:35: error: expected ';' before 'x'
configure:13985: $? = 1
configure: failed program was:
| /* confdefs.h */
| #define PACKAGE_NAME "libsodium"
| #define PACKAGE_TARNAME "libsodium"
| #define PACKAGE_VERSION "1.0.0"
| #define PACKAGE_STRING "libsodium 1.0.0"
| #define PACKAGE_BUGREPORT "https://github.com/jedisct1/libsodium/issues"
| #define PACKAGE_URL "https://github.com/jedisct1/libsodium"
| #define PACKAGE "libsodium"
| #define VERSION "1.0.0"
| #define STDC_HEADERS 1
| #define HAVE_SYS_TYPES_H 1
| #define HAVE_SYS_STAT_H 1
| #define HAVE_STDLIB_H 1
| #define HAVE_STRING_H 1
| #define HAVE_MEMORY_H 1
| #define HAVE_STRINGS_H 1
| #define HAVE_INTTYPES_H 1
| #define HAVE_STDINT_H 1
| #define HAVE_UNISTD_H 1
| #define __EXTENSIONS__ 1
| #define _ALL_SOURCE 1
| #define _GNU_SOURCE 1
| #define _POSIX_PTHREAD_SEMANTICS 1
| #define _TANDEM_SOURCE 1
| #define HAVE_DLFCN_H 1
| #define LT_OBJDIR ".libs/"
| /* end confdefs.h.  */
| 
| #pragma GCC target("sse3")
| #include <pmmintrin.h>
| 
| int
| main ()
| {
|  __m128 x = _mm_addsub_ps(_mm_cvtpd_ps(_mm_setzero_pd()),
|                                 _mm_cvtpd_ps(_mm_setzero_pd()));
|   ;
|   return 0;
| }
configure:13992: result: no
configure:13997: checking for SSSE3 instructions set
configure:14013: mipsel-uclibc-gcc -std=gnu99 -c -g -O2 -fvisibility=hidden -fPIC -fPIE -fwrapv -fno-strict-aliasing -fno-strict-overflow -Winit-self -Wwrite-strings -Wdiv-by-zero  -D_FORTIFY_SOURCE=2 conftest.c >&5
conftest.c:30:23: error: tmmintrin.h: No such file or directory
conftest.c: In function 'main':
conftest.c:35: error: '__m64' undeclared (first use in this function)
conftest.c:35: error: (Each undeclared identifier is reported only once
conftest.c:35: error: for each function it appears in.)
conftest.c:35: error: expected ';' before 'x'
configure:14013: $? = 1
configure: failed program was:
| /* confdefs.h */
| #define PACKAGE_NAME "libsodium"
| #define PACKAGE_TARNAME "libsodium"
| #define PACKAGE_VERSION "1.0.0"
| #define PACKAGE_STRING "libsodium 1.0.0"
| #define PACKAGE_BUGREPORT "https://github.com/jedisct1/libsodium/issues"
| #define PACKAGE_URL "https://github.com/jedisct1/libsodium"
| #define PACKAGE "libsodium"
| #define VERSION "1.0.0"
| #define STDC_HEADERS 1
| #define HAVE_SYS_TYPES_H 1
| #define HAVE_SYS_STAT_H 1
| #define HAVE_STDLIB_H 1
| #define HAVE_STRING_H 1
| #define HAVE_MEMORY_H 1
| #define HAVE_STRINGS_H 1
| #define HAVE_INTTYPES_H 1
| #define HAVE_STDINT_H 1
| #define HAVE_UNISTD_H 1
| #define __EXTENSIONS__ 1
| #define _ALL_SOURCE 1
| #define _GNU_SOURCE 1
| #define _POSIX_PTHREAD_SEMANTICS 1
| #define _TANDEM_SOURCE 1
| #define HAVE_DLFCN_H 1
| #define LT_OBJDIR ".libs/"
| /* end confdefs.h.  */
| 
| #pragma GCC target("ssse3")
| #include <tmmintrin.h>
| 
| int
| main ()
| {
|  __m64 x = _mm_abs_pi32(_m_from_int(0));
|   ;
|   return 0;
| }
configure:14020: result: no
configure:14029: checking sys/mman.h usability
configure:14029: mipsel-uclibc-gcc -std=gnu99 -c -g -O2 -fvisibility=hidden -fPIC -fPIE -fwrapv -fno-strict-aliasing -fno-strict-overflow -Winit-self -Wwrite-strings -Wdiv-by-zero  -D_FORTIFY_SOURCE=2 conftest.c >&5
configure:14029: $? = 0
configure:14029: result: yes
configure:14029: checking sys/mman.h presence
configure:14029: mipsel-uclibc-gcc -std=gnu99 -E  -D_FORTIFY_SOURCE=2 conftest.c
configure:14029: $? = 0
configure:14029: result: yes
configure:14029: checking for sys/mman.h
configure:14029: result: yes
configure:14041: checking for inline
configure:14057: mipsel-uclibc-gcc -std=gnu99 -c -g -O2 -fvisibility=hidden -fPIC -fPIE -fwrapv -fno-strict-aliasing -fno-strict-overflow -Winit-self -Wwrite-strings -Wdiv-by-zero  -D_FORTIFY_SOURCE=2 conftest.c >&5
conftest.c:32: warning: C99 inline functions are not supported; using GNU89
conftest.c:32: warning: to disable this warning use -fgnu89-inline or the gnu_inline function attribute
configure:14057: $? = 0
configure:14065: result: inline
configure:14083: checking whether byte ordering is bigendian
configure:14098: mipsel-uclibc-gcc -std=gnu99 -c -g -O2 -fvisibility=hidden -fPIC -fPIE -fwrapv -fno-strict-aliasing -fno-strict-overflow -Winit-self -Wwrite-strings -Wdiv-by-zero  -D_FORTIFY_SOURCE=2 conftest.c >&5
conftest.c:30: error: expected '=', ',', ';', 'asm' or '__attribute__' before 'a'
configure:14098: $? = 1
configure: failed program was:
| /* confdefs.h */
| #define PACKAGE_NAME "libsodium"
| #define PACKAGE_TARNAME "libsodium"
| #define PACKAGE_VERSION "1.0.0"
| #define PACKAGE_STRING "libsodium 1.0.0"
| #define PACKAGE_BUGREPORT "https://github.com/jedisct1/libsodium/issues"
| #define PACKAGE_URL "https://github.com/jedisct1/libsodium"
| #define PACKAGE "libsodium"
| #define VERSION "1.0.0"
| #define STDC_HEADERS 1
| #define HAVE_SYS_TYPES_H 1
| #define HAVE_SYS_STAT_H 1
| #define HAVE_STDLIB_H 1
| #define HAVE_STRING_H 1
| #define HAVE_MEMORY_H 1
| #define HAVE_STRINGS_H 1
| #define HAVE_INTTYPES_H 1
| #define HAVE_STDINT_H 1
| #define HAVE_UNISTD_H 1
| #define __EXTENSIONS__ 1
| #define _ALL_SOURCE 1
| #define _GNU_SOURCE 1
| #define _POSIX_PTHREAD_SEMANTICS 1
| #define _TANDEM_SOURCE 1
| #define HAVE_DLFCN_H 1
| #define LT_OBJDIR ".libs/"
| #define HAVE_SYS_MMAN_H 1
| /* end confdefs.h.  */
| #ifndef __APPLE_CC__
| 	       not a universal capable compiler
| 	     #endif
| 	     typedef int dummy;
| 
configure:14143: mipsel-uclibc-gcc -std=gnu99 -c -g -O2 -fvisibility=hidden -fPIC -fPIE -fwrapv -fno-strict-aliasing -fno-strict-overflow -Winit-self -Wwrite-strings -Wdiv-by-zero  -D_FORTIFY_SOURCE=2 conftest.c >&5
configure:14143: $? = 0
configure:14161: mipsel-uclibc-gcc -std=gnu99 -c -g -O2 -fvisibility=hidden -fPIC -fPIE -fwrapv -fno-strict-aliasing -fno-strict-overflow -Winit-self -Wwrite-strings -Wdiv-by-zero  -D_FORTIFY_SOURCE=2 conftest.c >&5
conftest.c: In function 'main':
conftest.c:36: error: 'not' undeclared (first use in this function)
conftest.c:36: error: (Each undeclared identifier is reported only once
conftest.c:36: error: for each function it appears in.)
conftest.c:36: error: expected ';' before 'big'
configure:14161: $? = 1
configure: failed program was:
| /* confdefs.h */
| #define PACKAGE_NAME "libsodium"
| #define PACKAGE_TARNAME "libsodium"
| #define PACKAGE_VERSION "1.0.0"
| #define PACKAGE_STRING "libsodium 1.0.0"
| #define PACKAGE_BUGREPORT "https://github.com/jedisct1/libsodium/issues"
| #define PACKAGE_URL "https://github.com/jedisct1/libsodium"
| #define PACKAGE "libsodium"
| #define VERSION "1.0.0"
| #define STDC_HEADERS 1
| #define HAVE_SYS_TYPES_H 1
| #define HAVE_SYS_STAT_H 1
| #define HAVE_STDLIB_H 1
| #define HAVE_STRING_H 1
| #define HAVE_MEMORY_H 1
| #define HAVE_STRINGS_H 1
| #define HAVE_INTTYPES_H 1
| #define HAVE_STDINT_H 1
| #define HAVE_UNISTD_H 1
| #define __EXTENSIONS__ 1
| #define _ALL_SOURCE 1
| #define _GNU_SOURCE 1
| #define _POSIX_PTHREAD_SEMANTICS 1
| #define _TANDEM_SOURCE 1
| #define HAVE_DLFCN_H 1
| #define LT_OBJDIR ".libs/"
| #define HAVE_SYS_MMAN_H 1
| /* end confdefs.h.  */
| #include <sys/types.h>
| 		#include <sys/param.h>
| 
| int
| main ()
| {
| #if BYTE_ORDER != BIG_ENDIAN
| 		 not big endian
| 		#endif
| 
|   ;
|   return 0;
| }
configure:14289: result: no
configure:14309: checking whether __STDC_LIMIT_MACROS is required
configure:14328: mipsel-uclibc-gcc -std=gnu99 -c -g -O2 -fvisibility=hidden -fPIC -fPIE -fwrapv -fno-strict-aliasing -fno-strict-overflow -Winit-self -Wwrite-strings -Wdiv-by-zero  -D_FORTIFY_SOURCE=2 conftest.c >&5
configure:14328: $? = 0
configure:14329: result: no
configure:14342: checking whether we should use x86_64 asm code
configure:14366: mipsel-uclibc-gcc -std=gnu99 -c -g -O2 -fvisibility=hidden -fPIC -fPIE -fwrapv -fno-strict-aliasing -fno-strict-overflow -Winit-self -Wwrite-strings -Wdiv-by-zero  -D_FORTIFY_SOURCE=2 conftest.c >&5
conftest.c:42:3: error: #error !x86_64
configure:14366: $? = 1
configure: failed program was:
| /* confdefs.h */
| #define PACKAGE_NAME "libsodium"
| #define PACKAGE_TARNAME "libsodium"
| #define PACKAGE_VERSION "1.0.0"
| #define PACKAGE_STRING "libsodium 1.0.0"
| #define PACKAGE_BUGREPORT "https://github.com/jedisct1/libsodium/issues"
| #define PACKAGE_URL "https://github.com/jedisct1/libsodium"
| #define PACKAGE "libsodium"
| #define VERSION "1.0.0"
| #define STDC_HEADERS 1
| #define HAVE_SYS_TYPES_H 1
| #define HAVE_SYS_STAT_H 1
| #define HAVE_STDLIB_H 1
| #define HAVE_STRING_H 1
| #define HAVE_MEMORY_H 1
| #define HAVE_STRINGS_H 1
| #define HAVE_INTTYPES_H 1
| #define HAVE_STDINT_H 1
| #define HAVE_UNISTD_H 1
| #define __EXTENSIONS__ 1
| #define _ALL_SOURCE 1
| #define _GNU_SOURCE 1
| #define _POSIX_PTHREAD_SEMANTICS 1
| #define _TANDEM_SOURCE 1
| #define HAVE_DLFCN_H 1
| #define LT_OBJDIR ".libs/"
| #define HAVE_SYS_MMAN_H 1
| #define NATIVE_LITTLE_ENDIAN 1
| /* end confdefs.h.  */
| 
| 
| int
| main ()
| {
| 
| #if defined(__amd64) || defined(__amd64__) || defined(__x86_64__)
| # if defined(__CYGWIN__) || defined(__MINGW32__) || defined(__MINGW64__) || defined(_WIN32) || defined(_WIN64)
| #  error Windows x86_64 calling conventions are not supported yet
| # endif
| /* neat */
| #else
| # error !x86_64
| #endif
| __asm__("pxor %xmm12,%xmm6");
| 
|   ;
|   return 0;
| }
configure:14374: result: no
configure:14390: checking for 128-bit arithmetic
configure:14425: mipsel-uclibc-gcc -std=gnu99 -c -g -O2 -fvisibility=hidden -fPIC -fPIE -fwrapv -fno-strict-aliasing -fno-strict-overflow -Winit-self -Wwrite-strings -Wdiv-by-zero  -D_FORTIFY_SOURCE=2 conftest.c >&5
conftest.c:35:20: warning: missing terminating ' character
conftest.c:44: error: unable to emulate 'TI'
configure:14425: $? = 1
configure: failed program was:
| /* confdefs.h */
| #define PACKAGE_NAME "libsodium"
| #define PACKAGE_TARNAME "libsodium"
| #define PACKAGE_VERSION "1.0.0"
| #define PACKAGE_STRING "libsodium 1.0.0"
| #define PACKAGE_BUGREPORT "https://github.com/jedisct1/libsodium/issues"
| #define PACKAGE_URL "https://github.com/jedisct1/libsodium"
| #define PACKAGE "libsodium"
| #define VERSION "1.0.0"
| #define STDC_HEADERS 1
| #define HAVE_SYS_TYPES_H 1
| #define HAVE_SYS_STAT_H 1
| #define HAVE_STDLIB_H 1
| #define HAVE_STRING_H 1
| #define HAVE_MEMORY_H 1
| #define HAVE_STRINGS_H 1
| #define HAVE_INTTYPES_H 1
| #define HAVE_STDINT_H 1
| #define HAVE_UNISTD_H 1
| #define __EXTENSIONS__ 1
| #define _ALL_SOURCE 1
| #define _GNU_SOURCE 1
| #define _POSIX_PTHREAD_SEMANTICS 1
| #define _TANDEM_SOURCE 1
| #define HAVE_DLFCN_H 1
| #define LT_OBJDIR ".libs/"
| #define HAVE_SYS_MMAN_H 1
| #define NATIVE_LITTLE_ENDIAN 1
| /* end confdefs.h.  */
| 
| #ifndef __GNUC__
| # error mode(TI) is a gcc extension
| #endif
| #if defined(__clang__) && !defined(__x86_64__)
| # error clang doesn't properly compile smult_curve25519_donna_c64.c
| #endif
| #ifndef NATIVE_LITTLE_ENDIAN
| # error donna_c64 currently requires a little endian CPU
| #endif
| #ifdef EMSCRIPTEN
| # error emscripten currently supports only shift operations on integers #       larger than 64 bits
| #endif
| #include <stdint.h>
| typedef unsigned uint128_t __attribute__((mode(TI)));
| void fcontract(uint128_t *t) {
|   *t += 0x8000000000000 - 1;
| }
| 
| int
| main ()
| {
| 
| (void) fcontract;
| 
|   ;
|   return 0;
| }
configure:14433: result: no
configure:14450: checking for cpuid instruction
configure:14469: mipsel-uclibc-gcc -std=gnu99 -c -g -O2 -fvisibility=hidden -fPIC -fPIE -fwrapv -fno-strict-aliasing -fno-strict-overflow -Winit-self -Wwrite-strings -Wdiv-by-zero  -D_FORTIFY_SOURCE=2 conftest.c >&5
/tmp/cckVNujR.s: Assembler messages:
/tmp/cckVNujR.s:28: Error: unrecognized opcode `xchgl %ebx,$5'
/tmp/cckVNujR.s:28: Error: unrecognized opcode `cpuid'
/tmp/cckVNujR.s:28: Error: unrecognized opcode `xchgl %ebx,$5'
configure:14469: $? = 1
configure: failed program was:
| /* confdefs.h */
| #define PACKAGE_NAME "libsodium"
| #define PACKAGE_TARNAME "libsodium"
| #define PACKAGE_VERSION "1.0.0"
| #define PACKAGE_STRING "libsodium 1.0.0"
| #define PACKAGE_BUGREPORT "https://github.com/jedisct1/libsodium/issues"
| #define PACKAGE_URL "https://github.com/jedisct1/libsodium"
| #define PACKAGE "libsodium"
| #define VERSION "1.0.0"
| #define STDC_HEADERS 1
| #define HAVE_SYS_TYPES_H 1
| #define HAVE_SYS_STAT_H 1
| #define HAVE_STDLIB_H 1
| #define HAVE_STRING_H 1
| #define HAVE_MEMORY_H 1
| #define HAVE_STRINGS_H 1
| #define HAVE_INTTYPES_H 1
| #define HAVE_STDINT_H 1
| #define HAVE_UNISTD_H 1
| #define __EXTENSIONS__ 1
| #define _ALL_SOURCE 1
| #define _GNU_SOURCE 1
| #define _POSIX_PTHREAD_SEMANTICS 1
| #define _TANDEM_SOURCE 1
| #define HAVE_DLFCN_H 1
| #define LT_OBJDIR ".libs/"
| #define HAVE_SYS_MMAN_H 1
| #define NATIVE_LITTLE_ENDIAN 1
| /* end confdefs.h.  */
| 
| int
| main ()
| {
| 
| unsigned int cpu_info[4];
| __asm__ __volatile__ ("xchgl %%ebx, %k1; cpuid; xchgl %%ebx, %k1" :
|                       "=a" (cpu_info[0]), "=&r" (cpu_info[1]),
|                       "=c" (cpu_info[2]), "=d" (cpu_info[3]) :
|                       "0" (0U), "2" (0U));
| 
|   ;
|   return 0;
| }
configure:14477: result: no
configure:14485: checking if weak symbols are supported
configure:14502: mipsel-uclibc-gcc -std=gnu99 -o conftest -g -O2 -fvisibility=hidden -fPIC -fPIE -fwrapv -fno-strict-aliasing -fno-strict-overflow -Winit-self -Wwrite-strings -Wdiv-by-zero  -D_FORTIFY_SOURCE=2  -pie -Wl,-z,relro -Wl,-z,now -Wl,-z,noexecstack conftest.c  >&5
configure:14502: $? = 0
configure:14503: result: yes
configure:14520: data alignment is required on this target
configure:14536: checking for arc4random
configure:14536: mipsel-uclibc-gcc -std=gnu99 -o conftest -g -O2 -fvisibility=hidden -fPIC -fPIE -fwrapv -fno-strict-aliasing -fno-strict-overflow -Winit-self -Wwrite-strings -Wdiv-by-zero  -D_FORTIFY_SOURCE=2  -pie -Wl,-z,relro -Wl,-z,now -Wl,-z,noexecstack conftest.c  >&5
/tmp/ccbY2w3C.o: In function `main':
/home/astclair/AsusRT-N16/trunk/tomato/release/src-rt/router/libsodium/conftest.c:66: undefined reference to `arc4random'
collect2: ld returned 1 exit status
configure:14536: $? = 1
configure: failed program was:
| /* confdefs.h */
| #define PACKAGE_NAME "libsodium"
| #define PACKAGE_TARNAME "libsodium"
| #define PACKAGE_VERSION "1.0.0"
| #define PACKAGE_STRING "libsodium 1.0.0"
| #define PACKAGE_BUGREPORT "https://github.com/jedisct1/libsodium/issues"
| #define PACKAGE_URL "https://github.com/jedisct1/libsodium"
| #define PACKAGE "libsodium"
| #define VERSION "1.0.0"
| #define STDC_HEADERS 1
| #define HAVE_SYS_TYPES_H 1
| #define HAVE_SYS_STAT_H 1
| #define HAVE_STDLIB_H 1
| #define HAVE_STRING_H 1
| #define HAVE_MEMORY_H 1
| #define HAVE_STRINGS_H 1
| #define HAVE_INTTYPES_H 1
| #define HAVE_STDINT_H 1
| #define HAVE_UNISTD_H 1
| #define __EXTENSIONS__ 1
| #define _ALL_SOURCE 1
| #define _GNU_SOURCE 1
| #define _POSIX_PTHREAD_SEMANTICS 1
| #define _TANDEM_SOURCE 1
| #define HAVE_DLFCN_H 1
| #define LT_OBJDIR ".libs/"
| #define HAVE_SYS_MMAN_H 1
| #define NATIVE_LITTLE_ENDIAN 1
| #define HAVE_WEAK_SYMBOLS 1
| #define CPU_ALIGNED_ACCESS_REQUIRED 1
| /* end confdefs.h.  */
| /* Define arc4random to an innocuous variant, in case <limits.h> declares arc4random.
|    For example, HP-UX 11i <limits.h> declares gettimeofday.  */
| #define arc4random innocuous_arc4random
| 
| /* System header to define __stub macros and hopefully few prototypes,
|     which can conflict with char arc4random (); below.
|     Prefer <limits.h> to <assert.h> if __STDC__ is defined, since
|     <limits.h> exists even on freestanding compilers.  */
| 
| #ifdef __STDC__
| # include <limits.h>
| #else
| # include <assert.h>
| #endif
| 
| #undef arc4random
| 
| /* Override any GCC internal prototype to avoid an error.
|    Use char because int might match the return type of a GCC
|    builtin and then its argument prototype would still apply.  */
| #ifdef __cplusplus
| extern "C"
| #endif
| char arc4random ();
| /* The GNU C library defines this for functions which it implements
|     to always fail with ENOSYS.  Some functions are actually named
|     something starting with __ and the normal name is an alias.  */
| #if defined __stub_arc4random || defined __stub___arc4random
| choke me
| #endif
| 
| int
| main ()
| {
| return arc4random ();
|   ;
|   return 0;
| }
configure:14536: result: no
configure:14536: checking for arc4random_buf
configure:14536: mipsel-uclibc-gcc -std=gnu99 -o conftest -g -O2 -fvisibility=hidden -fPIC -fPIE -fwrapv -fno-strict-aliasing -fno-strict-overflow -Winit-self -Wwrite-strings -Wdiv-by-zero  -D_FORTIFY_SOURCE=2  -pie -Wl,-z,relro -Wl,-z,now -Wl,-z,noexecstack conftest.c  >&5
/tmp/ccK76jYE.o: In function `main':
/home/astclair/AsusRT-N16/trunk/tomato/release/src-rt/router/libsodium/conftest.c:66: undefined reference to `arc4random_buf'
collect2: ld returned 1 exit status
configure:14536: $? = 1
configure: failed program was:
| /* confdefs.h */
| #define PACKAGE_NAME "libsodium"
| #define PACKAGE_TARNAME "libsodium"
| #define PACKAGE_VERSION "1.0.0"
| #define PACKAGE_STRING "libsodium 1.0.0"
| #define PACKAGE_BUGREPORT "https://github.com/jedisct1/libsodium/issues"
| #define PACKAGE_URL "https://github.com/jedisct1/libsodium"
| #define PACKAGE "libsodium"
| #define VERSION "1.0.0"
| #define STDC_HEADERS 1
| #define HAVE_SYS_TYPES_H 1
| #define HAVE_SYS_STAT_H 1
| #define HAVE_STDLIB_H 1
| #define HAVE_STRING_H 1
| #define HAVE_MEMORY_H 1
| #define HAVE_STRINGS_H 1
| #define HAVE_INTTYPES_H 1
| #define HAVE_STDINT_H 1
| #define HAVE_UNISTD_H 1
| #define __EXTENSIONS__ 1
| #define _ALL_SOURCE 1
| #define _GNU_SOURCE 1
| #define _POSIX_PTHREAD_SEMANTICS 1
| #define _TANDEM_SOURCE 1
| #define HAVE_DLFCN_H 1
| #define LT_OBJDIR ".libs/"
| #define HAVE_SYS_MMAN_H 1
| #define NATIVE_LITTLE_ENDIAN 1
| #define HAVE_WEAK_SYMBOLS 1
| #define CPU_ALIGNED_ACCESS_REQUIRED 1
| /* end confdefs.h.  */
| /* Define arc4random_buf to an innocuous variant, in case <limits.h> declares arc4random_buf.
|    For example, HP-UX 11i <limits.h> declares gettimeofday.  */
| #define arc4random_buf innocuous_arc4random_buf
| 
| /* System header to define __stub macros and hopefully few prototypes,
|     which can conflict with char arc4random_buf (); below.
|     Prefer <limits.h> to <assert.h> if __STDC__ is defined, since
|     <limits.h> exists even on freestanding compilers.  */
| 
| #ifdef __STDC__
| # include <limits.h>
| #else
| # include <assert.h>
| #endif
| 
| #undef arc4random_buf
| 
| /* Override any GCC internal prototype to avoid an error.
|    Use char because int might match the return type of a GCC
|    builtin and then its argument prototype would still apply.  */
| #ifdef __cplusplus
| extern "C"
| #endif
| char arc4random_buf ();
| /* The GNU C library defines this for functions which it implements
|     to always fail with ENOSYS.  Some functions are actually named
|     something starting with __ and the normal name is an alias.  */
| #if defined __stub_arc4random_buf || defined __stub___arc4random_buf
| choke me
| #endif
| 
| int
| main ()
| {
| return arc4random_buf ();
|   ;
|   return 0;
| }
configure:14536: result: no
configure:14550: checking for mlock
configure:14550: mipsel-uclibc-gcc -std=gnu99 -o conftest -g -O2 -fvisibility=hidden -fPIC -fPIE -fwrapv -fno-strict-aliasing -fno-strict-overflow -Winit-self -Wwrite-strings -Wdiv-by-zero  -D_FORTIFY_SOURCE=2  -pie -Wl,-z,relro -Wl,-z,now -Wl,-z,noexecstack conftest.c  >&5
configure:14550: $? = 0
configure:14550: result: yes
configure:14550: checking for mprotect
configure:14550: mipsel-uclibc-gcc -std=gnu99 -o conftest -g -O2 -fvisibility=hidden -fPIC -fPIE -fwrapv -fno-strict-aliasing -fno-strict-overflow -Winit-self -Wwrite-strings -Wdiv-by-zero  -D_FORTIFY_SOURCE=2  -pie -Wl,-z,relro -Wl,-z,now -Wl,-z,noexecstack conftest.c  >&5
configure:14550: $? = 0
configure:14550: result: yes
configure:14550: checking for explicit_bzero
configure:14550: mipsel-uclibc-gcc -std=gnu99 -o conftest -g -O2 -fvisibility=hidden -fPIC -fPIE -fwrapv -fno-strict-aliasing -fno-strict-overflow -Winit-self -Wwrite-strings -Wdiv-by-zero  -D_FORTIFY_SOURCE=2  -pie -Wl,-z,relro -Wl,-z,now -Wl,-z,noexecstack conftest.c  >&5
/tmp/ccN7uFAy.o: In function `main':
/home/astclair/AsusRT-N16/trunk/tomato/release/src-rt/router/libsodium/conftest.c:68: undefined reference to `explicit_bzero'
collect2: ld returned 1 exit status
configure:14550: $? = 1
configure: failed program was:
| /* confdefs.h */
| #define PACKAGE_NAME "libsodium"
| #define PACKAGE_TARNAME "libsodium"
| #define PACKAGE_VERSION "1.0.0"
| #define PACKAGE_STRING "libsodium 1.0.0"
| #define PACKAGE_BUGREPORT "https://github.com/jedisct1/libsodium/issues"
| #define PACKAGE_URL "https://github.com/jedisct1/libsodium"
| #define PACKAGE "libsodium"
| #define VERSION "1.0.0"
| #define STDC_HEADERS 1
| #define HAVE_SYS_TYPES_H 1
| #define HAVE_SYS_STAT_H 1
| #define HAVE_STDLIB_H 1
| #define HAVE_STRING_H 1
| #define HAVE_MEMORY_H 1
| #define HAVE_STRINGS_H 1
| #define HAVE_INTTYPES_H 1
| #define HAVE_STDINT_H 1
| #define HAVE_UNISTD_H 1
| #define __EXTENSIONS__ 1
| #define _ALL_SOURCE 1
| #define _GNU_SOURCE 1
| #define _POSIX_PTHREAD_SEMANTICS 1
| #define _TANDEM_SOURCE 1
| #define HAVE_DLFCN_H 1
| #define LT_OBJDIR ".libs/"
| #define HAVE_SYS_MMAN_H 1
| #define NATIVE_LITTLE_ENDIAN 1
| #define HAVE_WEAK_SYMBOLS 1
| #define CPU_ALIGNED_ACCESS_REQUIRED 1
| #define HAVE_MLOCK 1
| #define HAVE_MPROTECT 1
| /* end confdefs.h.  */
| /* Define explicit_bzero to an innocuous variant, in case <limits.h> declares explicit_bzero.
|    For example, HP-UX 11i <limits.h> declares gettimeofday.  */
| #define explicit_bzero innocuous_explicit_bzero
| 
| /* System header to define __stub macros and hopefully few prototypes,
|     which can conflict with char explicit_bzero (); below.
|     Prefer <limits.h> to <assert.h> if __STDC__ is defined, since
|     <limits.h> exists even on freestanding compilers.  */
| 
| #ifdef __STDC__
| # include <limits.h>
| #else
| # include <assert.h>
| #endif
| 
| #undef explicit_bzero
| 
| /* Override any GCC internal prototype to avoid an error.
|    Use char because int might match the return type of a GCC
|    builtin and then its argument prototype would still apply.  */
| #ifdef __cplusplus
| extern "C"
| #endif
| char explicit_bzero ();
| /* The GNU C library defines this for functions which it implements
|     to always fail with ENOSYS.  Some functions are actually named
|     something starting with __ and the normal name is an alias.  */
| #if defined __stub_explicit_bzero || defined __stub___explicit_bzero
| choke me
| #endif
| 
| int
| main ()
| {
| return explicit_bzero ();
|   ;
|   return 0;
| }
configure:14550: result: no
configure:14550: checking for posix_memalign
configure:14550: mipsel-uclibc-gcc -std=gnu99 -o conftest -g -O2 -fvisibility=hidden -fPIC -fPIE -fwrapv -fno-strict-aliasing -fno-strict-overflow -Winit-self -Wwrite-strings -Wdiv-by-zero  -D_FORTIFY_SOURCE=2  -pie -Wl,-z,relro -Wl,-z,now -Wl,-z,noexecstack conftest.c  >&5
/tmp/ccKTOdzB.o: In function `main':
/home/astclair/AsusRT-N16/trunk/tomato/release/src-rt/router/libsodium/conftest.c:68: undefined reference to `posix_memalign'
collect2: ld returned 1 exit status
configure:14550: $? = 1
configure: failed program was:
| /* confdefs.h */
| #define PACKAGE_NAME "libsodium"
| #define PACKAGE_TARNAME "libsodium"
| #define PACKAGE_VERSION "1.0.0"
| #define PACKAGE_STRING "libsodium 1.0.0"
| #define PACKAGE_BUGREPORT "https://github.com/jedisct1/libsodium/issues"
| #define PACKAGE_URL "https://github.com/jedisct1/libsodium"
| #define PACKAGE "libsodium"
| #define VERSION "1.0.0"
| #define STDC_HEADERS 1
| #define HAVE_SYS_TYPES_H 1
| #define HAVE_SYS_STAT_H 1
| #define HAVE_STDLIB_H 1
| #define HAVE_STRING_H 1
| #define HAVE_MEMORY_H 1
| #define HAVE_STRINGS_H 1
| #define HAVE_INTTYPES_H 1
| #define HAVE_STDINT_H 1
| #define HAVE_UNISTD_H 1
| #define __EXTENSIONS__ 1
| #define _ALL_SOURCE 1
| #define _GNU_SOURCE 1
| #define _POSIX_PTHREAD_SEMANTICS 1
| #define _TANDEM_SOURCE 1
| #define HAVE_DLFCN_H 1
| #define LT_OBJDIR ".libs/"
| #define HAVE_SYS_MMAN_H 1
| #define NATIVE_LITTLE_ENDIAN 1
| #define HAVE_WEAK_SYMBOLS 1
| #define CPU_ALIGNED_ACCESS_REQUIRED 1
| #define HAVE_MLOCK 1
| #define HAVE_MPROTECT 1
| /* end confdefs.h.  */
| /* Define posix_memalign to an innocuous variant, in case <limits.h> declares posix_memalign.
|    For example, HP-UX 11i <limits.h> declares gettimeofday.  */
| #define posix_memalign innocuous_posix_memalign
| 
| /* System header to define __stub macros and hopefully few prototypes,
|     which can conflict with char posix_memalign (); below.
|     Prefer <limits.h> to <assert.h> if __STDC__ is defined, since
|     <limits.h> exists even on freestanding compilers.  */
| 
| #ifdef __STDC__
| # include <limits.h>
| #else
| # include <assert.h>
| #endif
| 
| #undef posix_memalign
| 
| /* Override any GCC internal prototype to avoid an error.
|    Use char because int might match the return type of a GCC
|    builtin and then its argument prototype would still apply.  */
| #ifdef __cplusplus
| extern "C"
| #endif
| char posix_memalign ();
| /* The GNU C library defines this for functions which it implements
|     to always fail with ENOSYS.  Some functions are actually named
|     something starting with __ and the normal name is an alias.  */
| #if defined __stub_posix_memalign || defined __stub___posix_memalign
| choke me
| #endif
| 
| int
| main ()
| {
| return posix_memalign ();
|   ;
|   return 0;
| }
configure:14550: result: no
configure:14862: checking if gcc/ld supports -Wl,--output-def
configure:14883: mipsel-uclibc-gcc -std=gnu99 -o conftest -g -O2 -fvisibility=hidden -fPIC -fPIE -fwrapv -fno-strict-aliasing -fno-strict-overflow -Winit-self -Wwrite-strings -Wdiv-by-zero  -D_FORTIFY_SOURCE=2 -Wl,--output-def,conftest.def conftest.c  >&5
/home/astclair/AsusRT-N16/trunk/tomato/tools/brcm/K26/hndtools-mipsel-uclibc-4.2.4/bin/../lib/gcc/mipsel-linux-uclibc/4.2.4/../../../../mipsel-linux-uclibc/bin/ld: unrecognized option '--output-def'
/home/astclair/AsusRT-N16/trunk/tomato/tools/brcm/K26/hndtools-mipsel-uclibc-4.2.4/bin/../lib/gcc/mipsel-linux-uclibc/4.2.4/../../../../mipsel-linux-uclibc/bin/ld: use the --help option for usage information
collect2: ld returned 1 exit status
configure:14883: $? = 1
configure: failed program was:
| /* confdefs.h */
| #define PACKAGE_NAME "libsodium"
| #define PACKAGE_TARNAME "libsodium"
| #define PACKAGE_VERSION "1.0.0"
| #define PACKAGE_STRING "libsodium 1.0.0"
| #define PACKAGE_BUGREPORT "https://github.com/jedisct1/libsodium/issues"
| #define PACKAGE_URL "https://github.com/jedisct1/libsodium"
| #define PACKAGE "libsodium"
| #define VERSION "1.0.0"
| #define STDC_HEADERS 1
| #define HAVE_SYS_TYPES_H 1
| #define HAVE_SYS_STAT_H 1
| #define HAVE_STDLIB_H 1
| #define HAVE_STRING_H 1
| #define HAVE_MEMORY_H 1
| #define HAVE_STRINGS_H 1
| #define HAVE_INTTYPES_H 1
| #define HAVE_STDINT_H 1
| #define HAVE_UNISTD_H 1
| #define __EXTENSIONS__ 1
| #define _ALL_SOURCE 1
| #define _GNU_SOURCE 1
| #define _POSIX_PTHREAD_SEMANTICS 1
| #define _TANDEM_SOURCE 1
| #define HAVE_DLFCN_H 1
| #define LT_OBJDIR ".libs/"
| #define HAVE_SYS_MMAN_H 1
| #define NATIVE_LITTLE_ENDIAN 1
| #define HAVE_WEAK_SYMBOLS 1
| #define CPU_ALIGNED_ACCESS_REQUIRED 1
| #define HAVE_MLOCK 1
| #define HAVE_MPROTECT 1
| /* end confdefs.h.  */
| 
| int
| main ()
| {
| 
|   ;
|   return 0;
| }
configure:14894: result: no
configure:15062: checking that generated files are newer than configure
configure:15068: result: done
configure:15115: creating ./config.status

## ---------------------- ##
## Running config.status. ##
## ---------------------- ##

This file was extended by libsodium config.status 1.0.0, which was
generated by GNU Autoconf 2.69.  Invocation command line was

  CONFIG_FILES    = 
  CONFIG_HEADERS  = 
  CONFIG_LINKS    = 
  CONFIG_COMMANDS = 
  $ ./config.status 

on asusrtn16

config.status:1046: creating Makefile
config.status:1046: creating dist-build/Makefile
config.status:1046: creating msvc-scripts/Makefile
config.status:1046: creating src/Makefile
config.status:1046: creating src/libsodium/Makefile
config.status:1046: creating src/libsodium/include/Makefile
config.status:1046: creating src/libsodium/include/sodium/version.h
config.status:1046: creating test/default/Makefile
config.status:1046: creating test/Makefile
config.status:1218: executing depfiles commands
config.status:1218: executing libtool commands

## ---------------- ##
## Cache variables. ##
## ---------------- ##

ac_cv_build=x86_64-pc-linux-gnu
ac_cv_c_bigendian=no
ac_cv_c_compiler_gnu=yes
ac_cv_c_inline=inline
ac_cv_env_AR_set=set
ac_cv_env_AR_value=mipsel-uclibc-ar
ac_cv_env_CCASFLAGS_set=
ac_cv_env_CCASFLAGS_value=
ac_cv_env_CCAS_set=
ac_cv_env_CCAS_value=
ac_cv_env_CC_set=set
ac_cv_env_CC_value=mipsel-uclibc-gcc
ac_cv_env_CFLAGS_set=
ac_cv_env_CFLAGS_value=
ac_cv_env_CPPFLAGS_set=
ac_cv_env_CPPFLAGS_value=
ac_cv_env_CPP_set=
ac_cv_env_CPP_value=
ac_cv_env_CWFLAGS_set=
ac_cv_env_CWFLAGS_value=
ac_cv_env_LDFLAGS_set=
ac_cv_env_LDFLAGS_value=
ac_cv_env_LIBS_set=
ac_cv_env_LIBS_value=
ac_cv_env_SAFECODE_HOME_set=
ac_cv_env_SAFECODE_HOME_value=
ac_cv_env_build_alias_set=set
ac_cv_env_build_alias_value=x86_64-linux-gnu
ac_cv_env_host_alias_set=set
ac_cv_env_host_alias_value=mipsel-linux
ac_cv_env_target_alias_set=
ac_cv_env_target_alias_value=
ac_cv_func_arc4random=no
ac_cv_func_arc4random_buf=no
ac_cv_func_explicit_bzero=no
ac_cv_func_malloc_0_nonnull=yes
ac_cv_func_mlock=yes
ac_cv_func_mprotect=yes
ac_cv_func_posix_memalign=no
ac_cv_header_dlfcn_h=yes
ac_cv_header_inttypes_h=yes
ac_cv_header_memory_h=yes
ac_cv_header_minix_config_h=no
ac_cv_header_stdc=yes
ac_cv_header_stdint_h=yes
ac_cv_header_stdlib_h=yes
ac_cv_header_string_h=yes
ac_cv_header_strings_h=yes
ac_cv_header_sys_mman_h=yes
ac_cv_header_sys_stat_h=yes
ac_cv_header_sys_types_h=yes
ac_cv_header_unistd_h=yes
ac_cv_host=mipsel-unknown-linux-gnu
ac_cv_objext=o
ac_cv_path_EGREP='/bin/grep -E'
ac_cv_path_FGREP='/bin/grep -F'
ac_cv_path_GREP=/bin/grep
ac_cv_path_SED=/bin/sed
ac_cv_path_install='/usr/bin/install -c'
ac_cv_path_mkdir=/bin/mkdir
ac_cv_prog_AR=mipsel-uclibc-ar
ac_cv_prog_AWK=gawk
ac_cv_prog_CC=mipsel-uclibc-gcc
ac_cv_prog_CPP='mipsel-uclibc-gcc -std=gnu99 -E'
ac_cv_prog_OBJDUMP=mipsel-linux-objdump
ac_cv_prog_RANLIB=mipsel-uclibc-ranlib
ac_cv_prog_STRIP=mipsel-uclibc-strip
ac_cv_prog_ac_ct_MANIFEST_TOOL=mt
ac_cv_prog_cc_c89=
ac_cv_prog_cc_c99=-std=gnu99
ac_cv_prog_cc_g=yes
ac_cv_prog_make_make_set=yes
ac_cv_safe_to_define___extensions__=yes
am_cv_CCAS_dependencies_compiler_type=gcc3
am_cv_CC_dependencies_compiler_type=gcc3
am_cv_make_support_nested_variables=yes
am_cv_prog_cc_c_o=yes
am_cv_prog_tar_ustar=gnutar
ax_cv_check_cflags___Wdiv_by_zero=yes
ax_cv_check_cflags___Winit_self=yes
ax_cv_check_cflags___Wsometimes_uninitialized=no
ax_cv_check_cflags___Wwrite_strings=yes
ax_cv_check_cflags____Wall=yes
ax_cv_check_cflags____Wall__Wextra=yes
ax_cv_check_cflags____Wall__Wextra__Wbad_function_cast=yes
ax_cv_check_cflags____Wall__Wextra__Wbad_function_cast__Wcast_align=yes
ax_cv_check_cflags____Wall__Wextra__Wbad_function_cast__Wcast_align__Wcast_qual=yes
ax_cv_check_cflags____Wall__Wextra__Wbad_function_cast__Wcast_align__Wcast_qual__Wchar_subscripts=yes
ax_cv_check_cflags____Wall__Wextra__Wbad_function_cast__Wcast_align__Wcast_qual__Wchar_subscripts__Wcomment=yes
ax_cv_check_cflags____Wall__Wextra__Wbad_function_cast__Wcast_align__Wcast_qual__Wchar_subscripts__Wcomment__Wfloat_equal=yes
ax_cv_check_cflags____Wall__Wextra__Wbad_function_cast__Wcast_align__Wcast_qual__Wchar_subscripts__Wcomment__Wfloat_equal__Wformat_2=yes
ax_cv_check_cflags____Wall__Wextra__Wbad_function_cast__Wcast_align__Wcast_qual__Wchar_subscripts__Wcomment__Wfloat_equal__Wformat_2__Wimplicit=yes
ax_cv_check_cflags____Wall__Wextra__Wbad_function_cast__Wcast_align__Wcast_qual__Wchar_subscripts__Wcomment__Wfloat_equal__Wformat_2__Wimplicit__Wmissing_declarations=yes
ax_cv_check_cflags____Wall__Wextra__Wbad_function_cast__Wcast_align__Wcast_qual__Wchar_subscripts__Wcomment__Wfloat_equal__Wformat_2__Wimplicit__Wmissing_declarations__Wmissing_prototypes=yes
ax_cv_check_cflags____Wall__Wextra__Wbad_function_cast__Wcast_align__Wcast_qual__Wchar_subscripts__Wcomment__Wfloat_equal__Wformat_2__Wimplicit__Wmissing_declarations__Wmissing_prototypes__Wnormalized_id=yes
ax_cv_check_cflags____Wall__Wextra__Wbad_function_cast__Wcast_align__Wcast_qual__Wchar_subscripts__Wcomment__Wfloat_equal__Wformat_2__Wimplicit__Wmissing_declarations__Wmissing_prototypes__Wnormalized_id__Woverride_init=yes
ax_cv_check_cflags____Wall__Wextra__Wbad_function_cast__Wcast_align__Wcast_qual__Wchar_subscripts__Wcomment__Wfloat_equal__Wformat_2__Wimplicit__Wmissing_declarations__Wmissing_prototypes__Wnormalized_id__Woverride_init__Wparentheses=yes
ax_cv_check_cflags____Wall__Wextra__Wbad_function_cast__Wcast_align__Wcast_qual__Wchar_subscripts__Wcomment__Wfloat_equal__Wformat_2__Wimplicit__Wmissing_declarations__Wmissing_prototypes__Wnormalized_id__Woverride_init__Wparentheses__Wpointer_arith=yes
ax_cv_check_cflags____Wall__Wextra__Wbad_function_cast__Wcast_align__Wcast_qual__Wchar_subscripts__Wcomment__Wfloat_equal__Wformat_2__Wimplicit__Wmissing_declarations__Wmissing_prototypes__Wnormalized_id__Woverride_init__Wparentheses__Wpointer_arith__Wredundant_decls=yes
ax_cv_check_cflags____Wall__Wextra__Wbad_function_cast__Wcast_align__Wcast_qual__Wchar_subscripts__Wcomment__Wfloat_equal__Wformat_2__Wimplicit__Wmissing_declarations__Wmissing_prototypes__Wnormalized_id__Woverride_init__Wparentheses__Wpointer_arith__Wredundant_decls__Wstrict_prototypes=yes
ax_cv_check_cflags____Wall__Wextra__Wbad_function_cast__Wcast_align__Wcast_qual__Wchar_subscripts__Wcomment__Wfloat_equal__Wformat_2__Wimplicit__Wmissing_declarations__Wmissing_prototypes__Wnormalized_id__Woverride_init__Wparentheses__Wpointer_arith__Wredundant_decls__Wstrict_prototypes__Wswitch_enum=yes
ax_cv_check_cflags____Wall__Wextra__Wbad_function_cast__Wcast_align__Wcast_qual__Wchar_subscripts__Wcomment__Wfloat_equal__Wformat_2__Wimplicit__Wmissing_declarations__Wmissing_prototypes__Wnormalized_id__Woverride_init__Wparentheses__Wpointer_arith__Wredundant_decls__Wstrict_prototypes__Wswitch_enum__Wvariable_decl=no
ax_cv_check_cflags___fPIC=yes
ax_cv_check_cflags___fPIE=yes
ax_cv_check_cflags___fno_strict_aliasing=yes
ax_cv_check_cflags___fno_strict_overflow=yes
ax_cv_check_cflags___fvisibility_hidden=yes
ax_cv_check_cflags___fwrapv=yes
ax_cv_check_ldflags___Wl__z_noexecstack=yes
ax_cv_check_ldflags___Wl__z_now=yes
ax_cv_check_ldflags___Wl__z_relro=yes
ax_cv_check_ldflags___fPIC=yes
ax_cv_check_ldflags___fPIE=yes
ax_cv_check_ldflags___pie=yes
gl_cv_ld_output_def=no
lt_cv_ar_at_file=@
lt_cv_archive_cmds_need_lc=no
lt_cv_deplibs_check_method=pass_all
lt_cv_file_magic_cmd='$MAGIC_CMD'
lt_cv_file_magic_test_file=
lt_cv_ld_reload_flag=-r
lt_cv_nm_interface='BSD nm'
lt_cv_objdir=.libs
lt_cv_path_LD=mipsel-uclibc-ld
lt_cv_path_NM=mipsel-uclibc-nm
lt_cv_path_mainfest_tool=no
lt_cv_prog_compiler_c_o=yes
lt_cv_prog_compiler_pic='-fPIC -DPIC'
lt_cv_prog_compiler_pic_works=yes
lt_cv_prog_compiler_rtti_exceptions=no
lt_cv_prog_compiler_static_works=yes
lt_cv_prog_gnu_ld=yes
lt_cv_sharedlib_from_linklib_cmd='printf %s\n'
lt_cv_shlibpath_overrides_runpath=no
lt_cv_sys_global_symbol_pipe='sed -n -e '\''s/^.*[	 ]\([ABCDGIRSTW][ABCDGIRSTW]*\)[	 ][	 ]*\([_A-Za-z][_A-Za-z0-9]*\)$/\1 \2 \2/p'\'' | sed '\''/ __gnu_lto/d'\'''
lt_cv_sys_global_symbol_to_c_name_address='sed -n -e '\''s/^: \([^ ]*\)[ ]*$/  {\"\1\", (void *) 0},/p'\'' -e '\''s/^[ABCDGIRSTW]* \([^ ]*\) \([^ ]*\)$/  {"\2", (void *) \&\2},/p'\'''
lt_cv_sys_global_symbol_to_c_name_address_lib_prefix='sed -n -e '\''s/^: \([^ ]*\)[ ]*$/  {\"\1\", (void *) 0},/p'\'' -e '\''s/^[ABCDGIRSTW]* \([^ ]*\) \(lib[^ ]*\)$/  {"\2", (void *) \&\2},/p'\'' -e '\''s/^[ABCDGIRSTW]* \([^ ]*\) \([^ ]*\)$/  {"lib\2", (void *) \&\2},/p'\'''
lt_cv_sys_global_symbol_to_cdecl='sed -n -e '\''s/^T .* \(.*\)$/extern int \1();/p'\'' -e '\''s/^[ABCDGIRSTW]* .* \(.*\)$/extern char \1;/p'\'''
lt_cv_sys_max_cmd_len=3458764513820540925
lt_cv_to_host_file_cmd=func_convert_file_noop
lt_cv_to_tool_file_cmd=func_convert_file_noop

## ----------------- ##
## Output variables. ##
## ----------------- ##

ACLOCAL='${SHELL} /home/astclair/AsusRT-N16/trunk/tomato/release/src-rt/router/libsodium/missing aclocal-1.14'
AMDEPBACKSLASH='\'
AMDEP_FALSE='#'
AMDEP_TRUE=''
AMTAR='$${TAR-tar}'
AM_BACKSLASH='\'
AM_DEFAULT_V='$(AM_DEFAULT_VERBOSITY)'
AM_DEFAULT_VERBOSITY='0'
AM_V='$(V)'
AR='mipsel-uclibc-ar'
AS='mipsel-uclibc-as'
AUTOCONF='${SHELL} /home/astclair/AsusRT-N16/trunk/tomato/release/src-rt/router/libsodium/missing autoconf'
AUTOHEADER='${SHELL} /home/astclair/AsusRT-N16/trunk/tomato/release/src-rt/router/libsodium/missing autoheader'
AUTOMAKE='${SHELL} /home/astclair/AsusRT-N16/trunk/tomato/release/src-rt/router/libsodium/missing automake-1.14'
AWK='gawk'
CC='mipsel-uclibc-gcc -std=gnu99'
CCAS='mipsel-uclibc-gcc -std=gnu99'
CCASDEPMODE='depmode=gcc3'
CCASFLAGS='-g -O2'
CCDEPMODE='depmode=gcc3'
CFLAGS='-g -O2 -fvisibility=hidden -fPIC -fPIE -fwrapv -fno-strict-aliasing -fno-strict-overflow -Winit-self -Wwrite-strings -Wdiv-by-zero'
CPP='mipsel-uclibc-gcc -std=gnu99 -E'
CPPFLAGS=' -D_FORTIFY_SOURCE=2'
CWFLAGS=' -Wall -Wextra -Wbad-function-cast -Wcast-align -Wcast-qual -Wchar-subscripts -Wcomment -Wfloat-equal -Wformat=2 -Wimplicit -Wmissing-declarations -Wmissing-prototypes -Wnormalized=id -Woverride-init -Wparentheses -Wpointer-arith -Wredundant-decls -Wstrict-prototypes -Wswitch-enum'
CYGPATH_W='echo'
DEFS='-DPACKAGE_NAME=\"libsodium\" -DPACKAGE_TARNAME=\"libsodium\" -DPACKAGE_VERSION=\"1.0.0\" -DPACKAGE_STRING=\"libsodium\ 1.0.0\" -DPACKAGE_BUGREPORT=\"https://github.com/jedisct1/libsodium/issues\" -DPACKAGE_URL=\"https://github.com/jedisct1/libsodium\" -DPACKAGE=\"libsodium\" -DVERSION=\"1.0.0\" -DSTDC_HEADERS=1 -DHAVE_SYS_TYPES_H=1 -DHAVE_SYS_STAT_H=1 -DHAVE_STDLIB_H=1 -DHAVE_STRING_H=1 -DHAVE_MEMORY_H=1 -DHAVE_STRINGS_H=1 -DHAVE_INTTYPES_H=1 -DHAVE_STDINT_H=1 -DHAVE_UNISTD_H=1 -D__EXTENSIONS__=1 -D_ALL_SOURCE=1 -D_GNU_SOURCE=1 -D_POSIX_PTHREAD_SEMANTICS=1 -D_TANDEM_SOURCE=1 -DHAVE_DLFCN_H=1 -DLT_OBJDIR=\".libs/\" -DHAVE_SYS_MMAN_H=1 -DNATIVE_LITTLE_ENDIAN=1 -DHAVE_WEAK_SYMBOLS=1 -DCPU_ALIGNED_ACCESS_REQUIRED=1 -DHAVE_MLOCK=1 -DHAVE_MPROTECT=1'
DEPDIR='.deps'
DLLTOOL='false'
DLL_VERSION='6'
DSYMUTIL=''
DUMPBIN=''
ECHO_C=''
ECHO_N='-n'
ECHO_T=''
EGREP='/bin/grep -E'
EXEEXT=''
FGREP='/bin/grep -F'
GREP='/bin/grep'
HAVE_AMD64_ASM_FALSE=''
HAVE_AMD64_ASM_TRUE='#'
HAVE_AMD64_ASM_V='0'
HAVE_CPUID_V='0'
HAVE_LD_OUTPUT_DEF_FALSE=''
HAVE_LD_OUTPUT_DEF_TRUE='#'
HAVE_TI_MODE_FALSE=''
HAVE_TI_MODE_TRUE='#'
HAVE_TI_MODE_V='0'
INSTALL_DATA='${INSTALL} -m 644'
INSTALL_PROGRAM='${INSTALL}'
INSTALL_SCRIPT='${INSTALL}'
INSTALL_STRIP_PROGRAM='$(install_sh) -c -s'
ISODATE='2017-02-21'
LD='mipsel-uclibc-ld'
LDFLAGS=' -pie -Wl,-z,relro -Wl,-z,now -Wl,-z,noexecstack'
LIBOBJS=''
LIBS=''
LIBTOOL='$(SHELL) $(top_builddir)/libtool'
LIBTOOL_DEPS='./ltmain.sh'
LIBTOOL_EXTRA_FLAGS=' -version-info 13:2:0'
LIPO=''
LN_S='ln -s'
LTLIBOBJS=''
MAINT='#'
MAINTAINER_MODE_FALSE=''
MAINTAINER_MODE_TRUE='#'
MAKEINFO='${SHELL} /home/astclair/AsusRT-N16/trunk/tomato/release/src-rt/router/libsodium/missing makeinfo'
MANIFEST_TOOL=':'
MINIMAL_FALSE='#'
MINIMAL_TRUE=''
MKDIR_P='/bin/mkdir -p'
NM='mipsel-uclibc-nm'
NMEDIT=''
OBJDUMP='mipsel-linux-objdump'
OBJEXT='o'
OTOOL64=''
OTOOL=''
PACKAGE='libsodium'
PACKAGE_BUGREPORT='https://github.com/jedisct1/libsodium/issues'
PACKAGE_NAME='libsodium'
PACKAGE_STRING='libsodium 1.0.0'
PACKAGE_TARNAME='libsodium'
PACKAGE_URL='https://github.com/jedisct1/libsodium'
PACKAGE_VERSION='1.0.0'
PATH_SEPARATOR=':'
RANLIB='mipsel-uclibc-ranlib'
SAFECODE_HOME=''
SED='/bin/sed'
SET_MAKE=''
SHELL='/bin/bash'
SODIUM_LIBRARY_VERSION='13:2:0'
SODIUM_LIBRARY_VERSION_MAJOR='7'
SODIUM_LIBRARY_VERSION_MINOR='2'
STRIP='mipsel-uclibc-strip'
VERSION='1.0.0'
ac_ct_AR=''
ac_ct_CC=''
ac_ct_DUMPBIN=''
am__EXEEXT_FALSE=''
am__EXEEXT_TRUE='#'
am__fastdepCCAS_FALSE='#'
am__fastdepCCAS_TRUE=''
am__fastdepCC_FALSE='#'
am__fastdepCC_TRUE=''
am__include='include'
am__isrc=''
am__leading_dot='.'
am__nodep='_no'
am__quote=''
am__tar='tar --format=ustar -chf - "$$tardir"'
am__untar='tar -xf -'
bindir='${exec_prefix}/bin'
build='x86_64-pc-linux-gnu'
build_alias='x86_64-linux-gnu'
build_cpu='x86_64'
build_os='linux-gnu'
build_vendor='pc'
datadir='${datarootdir}'
datarootdir='${prefix}/share'
docdir='${datarootdir}/doc/${PACKAGE_TARNAME}'
dvidir='${docdir}'
exec_prefix='${prefix}'
host='mipsel-unknown-linux-gnu'
host_alias='mipsel-linux'
host_cpu='mipsel'
host_os='linux-gnu'
host_vendor='unknown'
htmldir='${docdir}'
includedir='${prefix}/include'
infodir='${datarootdir}/info'
install_sh='${SHELL} /home/astclair/AsusRT-N16/trunk/tomato/release/src-rt/router/libsodium/install-sh'
libdir='${exec_prefix}/lib'
libexecdir='${exec_prefix}/libexec'
localedir='${datarootdir}/locale'
localstatedir='${prefix}/var'
mandir='${datarootdir}/man'
mkdir_p='$(MKDIR_P)'
oldincludedir='/usr/include'
pdfdir='${docdir}'
prefix='/usr'
program_transform_name='s,x,x,'
psdir='${docdir}'
sbindir='${exec_prefix}/sbin'
sharedstatedir='${prefix}/com'
sysconfdir='${prefix}/etc'
target_alias=''

## ----------- ##
## confdefs.h. ##
## ----------- ##

/* confdefs.h */
#define PACKAGE_NAME "libsodium"
#define PACKAGE_TARNAME "libsodium"
#define PACKAGE_VERSION "1.0.0"
#define PACKAGE_STRING "libsodium 1.0.0"
#define PACKAGE_BUGREPORT "https://github.com/jedisct1/libsodium/issues"
#define PACKAGE_URL "https://github.com/jedisct1/libsodium"
#define PACKAGE "libsodium"
#define VERSION "1.0.0"
#define STDC_HEADERS 1
#define HAVE_SYS_TYPES_H 1
#define HAVE_SYS_STAT_H 1
#define HAVE_STDLIB_H 1
#define HAVE_STRING_H 1
#define HAVE_MEMORY_H 1
#define HAVE_STRINGS_H 1
#define HAVE_INTTYPES_H 1
#define HAVE_STDINT_H 1
#define HAVE_UNISTD_H 1
#define __EXTENSIONS__ 1
#define _ALL_SOURCE 1
#define _GNU_SOURCE 1
#define _POSIX_PTHREAD_SEMANTICS 1
#define _TANDEM_SOURCE 1
#define HAVE_DLFCN_H 1
#define LT_OBJDIR ".libs/"
#define HAVE_SYS_MMAN_H 1
#define NATIVE_LITTLE_ENDIAN 1
#define HAVE_WEAK_SYMBOLS 1
#define CPU_ALIGNED_ACCESS_REQUIRED 1
#define HAVE_MLOCK 1
#define HAVE_MPROTECT 1

configure: exit 0

## ---------------------- ##
## Running config.status. ##
## ---------------------- ##

This file was extended by libsodium config.status 1.0.0, which was
generated by GNU Autoconf 2.69.  Invocation command line was

  CONFIG_FILES    = 
  CONFIG_HEADERS  = 
  CONFIG_LINKS    = 
  CONFIG_COMMANDS = 
  $ ./config.status libsodium.pc

on asusrtn16

config.status:1046: creating libsodium.pc
